Log file open, 12/03/21 23:32:16
LogWindows: Failed to load 'aqProf.dll' (GetLastError=126)
LogWindows: File 'aqProf.dll' does not exist
LogWindows: Failed to load 'VtuneApi.dll' (GetLastError=126)
LogWindows: File 'VtuneApi.dll' does not exist
LogWindows: Failed to load 'VtuneApi32e.dll' (GetLastError=126)
LogWindows: File 'VtuneApi32e.dll' does not exist
LogConsoleResponse: Display: Failed to find resolution value strings in scalability ini. Falling back to default.
LogConsoleResponse: Display: Failed to find resolution value strings in scalability ini. Falling back to default.
LogInit: Display: Running engine for game: RomanianGameJam
LogPlatformFile: Not using cached read wrapper
LogTaskGraph: Started task graph with 5 named threads and 23 total threads with 3 sets of task threads.
LogStats: Stats thread started at 0.272026
LogICUInternationalization: ICU TimeZone Detection - Raw Offset: -8:00, Platform Override: ''
LogInit: Display: Loading text-based GConfig....
LogPluginManager: Mounting plugin MeshPainting
LogPluginManager: Mounting plugin XGEController
LogPluginManager: Mounting plugin Paper2D
LogPluginManager: Mounting plugin AISupport
LogPluginManager: Mounting plugin LiveLink
LogPluginManager: Mounting plugin EnvironmentQueryEditor
LogPluginManager: Mounting plugin LightPropagationVolume
LogPluginManager: Mounting plugin CameraShakePreviewer
LogPluginManager: Mounting plugin GameplayCameras
LogPluginManager: Mounting plugin OodleData
LogPluginManager: Mounting plugin OodleNetwork
LogPluginManager: Mounting plugin AnimationSharing
LogPluginManager: Mounting plugin CLionSourceCodeAccess
LogPluginManager: Mounting plugin CodeLiteSourceCodeAccess
LogPluginManager: Mounting plugin GitSourceControl
LogPluginManager: Mounting plugin KDevelopSourceCodeAccess
LogPluginManager: Mounting plugin NullSourceCodeAccess
LogPluginManager: Mounting plugin PixWinPlugin
LogPluginManager: Mounting plugin PlasticSourceControl
LogPluginManager: Mounting plugin PerforceSourceControl
LogPluginManager: Mounting plugin PluginUtils
LogPluginManager: Mounting plugin PropertyAccessNode
LogPluginManager: Mounting plugin RiderSourceCodeAccess
LogPluginManager: Mounting plugin SubversionSourceControl
LogPluginManager: Mounting plugin TextureFormatOodle
LogPluginManager: Mounting plugin UObjectPlugin
LogPluginManager: Mounting plugin VisualStudioCodeSourceCodeAccess
LogPluginManager: Mounting plugin VisualStudioSourceCodeAccess
LogPluginManager: Mounting plugin XCodeSourceCodeAccess
LogPluginManager: Mounting plugin AssetManagerEditor
LogPluginManager: Mounting plugin DatasmithContent
LogPluginManager: Mounting plugin CryptoKeys
LogPluginManager: Mounting plugin DataValidation
LogPluginManager: Mounting plugin FacialAnimation
LogPluginManager: Mounting plugin GameplayTagsEditor
LogPluginManager: Mounting plugin GeometryMode
LogPluginManager: Mounting plugin MacGraphicsSwitching
LogPluginManager: Mounting plugin VariantManagerContent
LogPluginManager: Mounting plugin MaterialAnalyzer
LogPluginManager: Mounting plugin MobileLauncherProfileWizard
LogPluginManager: Mounting plugin PluginBrowser
LogPluginManager: Mounting plugin SpeedTreeImporter
LogPluginManager: Mounting plugin AlembicImporter
LogPluginManager: Mounting plugin AutomationUtils
LogPluginManager: Mounting plugin BackChannel
LogPluginManager: Mounting plugin ChaosClothEditor
LogPluginManager: Mounting plugin ChaosCloth
LogPluginManager: Mounting plugin ChaosEditor
LogPluginManager: Mounting plugin ChaosNiagara
LogPluginManager: Mounting plugin ChaosSolverPlugin
LogPluginManager: Mounting plugin CharacterAI
LogPluginManager: Mounting plugin CurveEditorTools
LogPluginManager: Mounting plugin GeometryCache
LogPluginManager: Mounting plugin GeometryCollectionPlugin
LogPluginManager: Mounting plugin GeometryProcessing
LogPluginManager: Mounting plugin Niagara
LogPluginManager: Mounting plugin OpenImageDenoise
LogPluginManager: Mounting plugin MotoSynth
LogPluginManager: Mounting plugin PlatformCrypto
LogPluginManager: Mounting plugin PythonScriptPlugin
LogPluginManager: Mounting plugin PlanarCut
LogPluginManager: Mounting plugin ProxyLODPlugin
LogPluginManager: Mounting plugin SkeletalReduction
LogPluginManager: Mounting plugin LuminPlatformFeatures
LogPluginManager: Mounting plugin MagicLeap
LogPluginManager: Mounting plugin MagicLeapLightEstimation
LogPluginManager: Mounting plugin MagicLeapMedia
LogPluginManager: Mounting plugin MagicLeapPassableWorld
LogPluginManager: Mounting plugin MLSDK
LogPluginManager: Mounting plugin TcpMessaging
LogPluginManager: Mounting plugin UdpMessaging
LogPluginManager: Mounting plugin AndroidMedia
LogPluginManager: Mounting plugin AvfMedia
LogPluginManager: Mounting plugin ImgMedia
LogPluginManager: Mounting plugin MediaCompositing
LogPluginManager: Mounting plugin MediaPlayerEditor
LogPluginManager: Mounting plugin WebMMedia
LogPluginManager: Mounting plugin ActorSequence
LogPluginManager: Mounting plugin LevelSequenceEditor
LogPluginManager: Mounting plugin MatineeToLevelSequence
LogPluginManager: Mounting plugin TemplateSequence
LogPluginManager: Mounting plugin OnlineSubsystem
LogPluginManager: Mounting plugin OnlineSubsystemNull
LogPluginManager: Mounting plugin OnlineSubsystemUtils
LogPluginManager: Mounting plugin ActorLayerUtilities
LogPluginManager: Mounting plugin LauncherChunkInstaller
LogPluginManager: Mounting plugin AndroidDeviceProfileSelector
LogPluginManager: Mounting plugin AndroidMoviePlayer
LogPluginManager: Mounting plugin AppleImageUtils
LogPluginManager: Mounting plugin AppleMoviePlayer
LogPluginManager: Mounting plugin ArchVisCharacter
LogPluginManager: Mounting plugin AssetTags
LogPluginManager: Mounting plugin AudioCapture
LogPluginManager: Mounting plugin AudioSynesthesia
LogPluginManager: Mounting plugin CableComponent
LogPluginManager: Mounting plugin ChunkDownloader
LogPluginManager: Mounting plugin CustomMeshComponent
LogPluginManager: Mounting plugin EditableMesh
LogPluginManager: Mounting plugin ExampleDeviceProfileSelector
LogPluginManager: Mounting plugin GoogleCloudMessaging
LogPluginManager: Mounting plugin GooglePAD
LogPluginManager: Mounting plugin IOSDeviceProfileSelector
LogPluginManager: Mounting plugin LinuxDeviceProfileSelector
LogPluginManager: Mounting plugin LocationServicesBPLibrary
LogPluginManager: Mounting plugin MobilePatchingUtils
LogPluginManager: Mounting plugin OpenXR
LogPluginManager: Mounting plugin OpenXREyeTracker
LogPluginManager: Mounting plugin OpenXRHandTracking
LogPluginManager: Mounting plugin PhysXVehicles
LogPluginManager: Mounting plugin PostSplashScreen
LogPluginManager: Mounting plugin ProceduralMeshComponent
LogPluginManager: Mounting plugin PropertyAccessEditor
LogPluginManager: Mounting plugin RuntimePhysXCooking
LogPluginManager: Mounting plugin SignificanceManager
LogPluginManager: Mounting plugin SoundFields
LogPluginManager: Mounting plugin Synthesis
LogPluginManager: Mounting plugin WebMMoviePlayer
LogPluginManager: Mounting plugin WindowsMoviePlayer
LogPluginManager: Mounting plugin ScreenshotTools
LogPluginManager: Mounting plugin Takes
LogPluginManager: Mounting plugin AndroidPermission
LogPluginManager: Mounting plugin WmfMedia
LogPluginManager: Mounting plugin ContentBrowserAssetDataSource
LogPluginManager: Mounting plugin ContentBrowserClassDataSource
LogPluginManager: Mounting plugin ContentBrowserFileDataSource
LogPluginManager: Mounting plugin OnlineSubsystemGooglePlay
LogPluginManager: Mounting plugin OnlineSubsystemIOS
LogPluginManager: Mounting plugin OculusVR
LogPluginManager: Mounting plugin SteamVR
PixWinPlugin: PIX capture plugin failed to initialize! Check that the process is launched from PIX.
LogInit: Using libcurl 7.55.1-DEV
LogInit:  - built for x86_64-pc-win32
LogInit:  - supports SSL with OpenSSL/1.1.1
LogInit:  - supports HTTP deflate (compression) using libz 1.2.8
LogInit:  - other features:
LogInit:      CURL_VERSION_SSL
LogInit:      CURL_VERSION_LIBZ
LogInit:      CURL_VERSION_IPV6
LogInit:      CURL_VERSION_ASYNCHDNS
LogInit:      CURL_VERSION_LARGEFILE
LogInit:      CURL_VERSION_IDN
LogInit:  CurlRequestOptions (configurable via config and command line):
LogInit:  - bVerifyPeer = true  - Libcurl will verify peer certificate
LogInit:  - bUseHttpProxy = false  - Libcurl will NOT use HTTP proxy
LogInit:  - bDontReuseConnections = false  - Libcurl will reuse connections
LogInit:  - MaxHostConnections = 16  - Libcurl will limit the number of connections to a host
LogInit:  - LocalHostAddr = Default
LogInit:  - BufferSize = 65536
LogOnline: OSS: Creating online subsystem instance for: NULL
LogInit: WinSock: version 1.1 (2.2), MaxSocks=32767, MaxUdp=65467
LogOnline: OSS: TryLoadSubsystemAndSetDefault: Loaded subsystem for module [NULL]
LogOculusPluginWrapper: OculusPlugin initialized successfully
LogHMD: Failed initializing OVRPlugin 1.59.0
LogInit: Build: ++UE4+Release-4.27-CL-17735300
LogInit: Engine Version: 4.27.1-17735300+++UE4+Release-4.27
LogInit: Compatible Engine Version: 4.27.0-17155196+++UE4+Release-4.27
LogInit: Net CL: 17155196
LogInit: OS: Windows 10 (Release 2009) (), CPU: Intel(R) Core(TM) i7-7700K CPU @ 4.20GHz, GPU: NVIDIA GeForce RTX 2080
LogInit: Compiled (64-bit): Oct  6 2021 14:42:51
LogInit: Compiled with Visual C++: 19.24.28315.00
LogInit: Build Configuration: Development
LogInit: Branch Name: ++UE4+Release-4.27
LogInit: Command Line:  /Game/Core/Maps/2DSideScrollerExampleMap -game -PIEVIACONSOLE -Multiprocess GameUserSettingsINI=E:/RomaniaGameJam/2021SlowJam/RomaniaGameJam/RomanianGameJam/Saved/Config/Windows/PIEGameUserSettings0.ini -MultiprocessSaveConfig -forcepassthrough -messaging -SessionName="Play in Standalone Game" -windowed -ResX=1280 -ResY=720
LogInit: Base Directory: E:/Program Files/Epic Games/UE_4.27/Engine/Binaries/Win64/
LogInit: Allocator: TBB
LogInit: Installed Engine Build: 1
LogDevObjectVersion: Number of dev versions registered: 29
LogDevObjectVersion:   Dev-Blueprints (B0D832E4-1F89-4F0D-ACCF-7EB736FD4AA2): 10
LogDevObjectVersion:   Dev-Build (E1C64328-A22C-4D53-A36C-8E866417BD8C): 0
LogDevObjectVersion:   Dev-Core (375EC13C-06E4-48FB-B500-84F0262A717E): 4
LogDevObjectVersion:   Dev-Editor (E4B068ED-F494-42E9-A231-DA0B2E46BB41): 40
LogDevObjectVersion:   Dev-Framework (CFFC743F-43B0-4480-9391-14DF171D2073): 37
LogDevObjectVersion:   Dev-Mobile (B02B49B5-BB20-44E9-A304-32B752E40360): 3
LogDevObjectVersion:   Dev-Networking (A4E4105C-59A1-49B5-A7C5-40C4547EDFEE): 0
LogDevObjectVersion:   Dev-Online (39C831C9-5AE6-47DC-9A44-9C173E1C8E7C): 0
LogDevObjectVersion:   Dev-Physics (78F01B33-EBEA-4F98-B9B4-84EACCB95AA2): 14
LogDevObjectVersion:   Dev-Platform (6631380F-2D4D-43E0-8009-CF276956A95A): 0
LogDevObjectVersion:   Dev-Rendering (12F88B9F-8875-4AFC-A67C-D90C383ABD29): 45
LogDevObjectVersion:   Dev-Sequencer (7B5AE74C-D270-4C10-A958-57980B212A5A): 13
LogDevObjectVersion:   Dev-VR (D7296918-1DD6-4BDD-9DE2-64A83CC13884): 3
LogDevObjectVersion:   Dev-LoadTimes (C2A15278-BFE7-4AFE-6C17-90FF531DF755): 1
LogDevObjectVersion:   Private-Geometry (6EACA3D4-40EC-4CC1-B786-8BED09428FC5): 3
LogDevObjectVersion:   Dev-AnimPhys (29E575DD-E0A3-4627-9D10-D276232CDCEA): 17
LogDevObjectVersion:   Dev-Anim (AF43A65D-7FD3-4947-9873-3E8ED9C1BB05): 15
LogDevObjectVersion:   Dev-ReflectionCapture (6B266CEC-1EC7-4B8F-A30B-E4D90942FC07): 1
LogDevObjectVersion:   Dev-Automation (0DF73D61-A23F-47EA-B727-89E90C41499A): 1
LogDevObjectVersion:   FortniteMain (601D1886-AC64-4F84-AA16-D3DE0DEAC7D6): 47
LogDevObjectVersion:   FortniteRelease (E7086368-6B23-4C58-8439-1B7016265E91): 1
LogDevObjectVersion:   Dev-Enterprise (9DFFBCD6-494F-0158-E221-12823C92A888): 10
LogDevObjectVersion:   Dev-Niagara (F2AED0AC-9AFE-416F-8664-AA7FFA26D6FC): 1
LogDevObjectVersion:   Dev-Destruction (174F1F0B-B4C6-45A5-B13F-2EE8D0FB917D): 10
LogDevObjectVersion:   Dev-Physics-Ext (35F94A83-E258-406C-A318-09F59610247C): 41
LogDevObjectVersion:   Dev-PhysicsMaterial-Chaos (B68FC16E-8B1B-42E2-B453-215C058844FE): 1
LogDevObjectVersion:   Dev-CineCamera (B2E18506-4273-CFC2-A54E-F4BB758BBA07): 1
LogDevObjectVersion:   Dev-VirtualProduction (64F58936-FD1B-42BA-BA96-7289D5D0FA4E): 1
LogDevObjectVersion:   Dev-MediaFramework (6F0ED827-A609-4895-9C91-998D90180EA4): 2
LogInit: Presizing for max 25165824 objects, including 0 objects not considered by GC, pre-allocating 0 bytes for permanent pool.
LogConfig: Applying CVar settings from Section [/Script/Engine.StreamingSettings] File [E:/RomaniaGameJam/2021SlowJam/RomaniaGameJam/RomanianGameJam/Saved/Config/Windows/Engine.ini]
LogConfig: Setting CVar [[s.MinBulkDataSizeForAsyncLoading:131072]]
LogConfig: Setting CVar [[s.AsyncLoadingThreadEnabled:0]]
LogConfig: Setting CVar [[s.EventDrivenLoaderEnabled:1]]
LogConfig: Setting CVar [[s.WarnIfTimeLimitExceeded:0]]
LogConfig: Setting CVar [[s.TimeLimitExceededMultiplier:1.5]]
LogConfig: Setting CVar [[s.TimeLimitExceededMinTime:0.005]]
LogConfig: Setting CVar [[s.UseBackgroundLevelStreaming:1]]
LogConfig: Setting CVar [[s.PriorityAsyncLoadingExtraTime:15.0]]
LogConfig: Setting CVar [[s.LevelStreamingActorsUpdateTimeLimit:5.0]]
LogConfig: Setting CVar [[s.PriorityLevelStreamingActorsUpdateExtraTime:5.0]]
LogConfig: Setting CVar [[s.LevelStreamingComponentsRegistrationGranularity:10]]
LogConfig: Setting CVar [[s.UnregisterComponentsTimeLimit:1.0]]
LogConfig: Setting CVar [[s.LevelStreamingComponentsUnregistrationGranularity:5]]
LogConfig: Setting CVar [[s.FlushStreamingOnExit:1]]
LogInit: Object subsystem initialized
LogConfig: Setting CVar [[con.DebugEarlyDefault:1]]
LogConfig: Setting CVar [[r.setres:1280x720]]
[2021.12.04-07.32.17:064][  0]LogConfig: Setting CVar [[con.DebugEarlyDefault:1]]
[2021.12.04-07.32.17:064][  0]LogConfig: Setting CVar [[r.setres:1280x720]]
[2021.12.04-07.32.17:064][  0]LogConfig: Applying CVar settings from Section [/Script/Engine.RendererSettings] File [E:/RomaniaGameJam/2021SlowJam/RomaniaGameJam/RomanianGameJam/Saved/Config/Windows/Engine.ini]
[2021.12.04-07.32.17:064][  0]LogConfig: Setting CVar [[r.GPUCrashDebugging:0]]
[2021.12.04-07.32.17:064][  0]LogConfig: Setting CVar [[r.MobileHDR:0]]
[2021.12.04-07.32.17:064][  0]LogConfig: Setting CVar [[r.DefaultFeature.MotionBlur:0]]
[2021.12.04-07.32.17:064][  0]LogConfig: Setting CVar [[r.DefaultFeature.AutoExposure:0]]
[2021.12.04-07.32.17:064][  0]LogConfig: Applying CVar settings from Section [/Script/Engine.RendererOverrideSettings] File [E:/RomaniaGameJam/2021SlowJam/RomaniaGameJam/RomanianGameJam/Saved/Config/Windows/Engine.ini]
[2021.12.04-07.32.17:064][  0]LogConfig: Applying CVar settings from Section [/Script/Engine.StreamingSettings] File [E:/RomaniaGameJam/2021SlowJam/RomaniaGameJam/RomanianGameJam/Saved/Config/Windows/Engine.ini]
[2021.12.04-07.32.17:064][  0]LogConfig: Setting CVar [[s.MinBulkDataSizeForAsyncLoading:131072]]
[2021.12.04-07.32.17:064][  0]LogConfig: Setting CVar [[s.AsyncLoadingThreadEnabled:0]]
[2021.12.04-07.32.17:064][  0]LogConfig: Setting CVar [[s.EventDrivenLoaderEnabled:1]]
[2021.12.04-07.32.17:064][  0]LogConfig: Setting CVar [[s.WarnIfTimeLimitExceeded:0]]
[2021.12.04-07.32.17:064][  0]LogConfig: Setting CVar [[s.TimeLimitExceededMultiplier:1.5]]
[2021.12.04-07.32.17:064][  0]LogConfig: Setting CVar [[s.TimeLimitExceededMinTime:0.005]]
[2021.12.04-07.32.17:064][  0]LogConfig: Setting CVar [[s.UseBackgroundLevelStreaming:1]]
[2021.12.04-07.32.17:064][  0]LogConfig: Setting CVar [[s.PriorityAsyncLoadingExtraTime:15.0]]
[2021.12.04-07.32.17:064][  0]LogConfig: Setting CVar [[s.LevelStreamingActorsUpdateTimeLimit:5.0]]
[2021.12.04-07.32.17:064][  0]LogConfig: Setting CVar [[s.PriorityLevelStreamingActorsUpdateExtraTime:5.0]]
[2021.12.04-07.32.17:064][  0]LogConfig: Setting CVar [[s.LevelStreamingComponentsRegistrationGranularity:10]]
[2021.12.04-07.32.17:064][  0]LogConfig: Setting CVar [[s.UnregisterComponentsTimeLimit:1.0]]
[2021.12.04-07.32.17:064][  0]LogConfig: Setting CVar [[s.LevelStreamingComponentsUnregistrationGranularity:5]]
[2021.12.04-07.32.17:064][  0]LogConfig: Setting CVar [[s.FlushStreamingOnExit:1]]
[2021.12.04-07.32.17:064][  0]LogConfig: Applying CVar settings from Section [/Script/Engine.GarbageCollectionSettings] File [E:/RomaniaGameJam/2021SlowJam/RomaniaGameJam/RomanianGameJam/Saved/Config/Windows/Engine.ini]
[2021.12.04-07.32.17:064][  0]LogConfig: Setting CVar [[gc.MaxObjectsNotConsideredByGC:1]]
[2021.12.04-07.32.17:064][  0]LogConfig: Setting CVar [[gc.SizeOfPermanentObjectPool:0]]
[2021.12.04-07.32.17:064][  0]LogConfig: Setting CVar [[gc.FlushStreamingOnGC:0]]
[2021.12.04-07.32.17:064][  0]LogConfig: Setting CVar [[gc.NumRetriesBeforeForcingGC:10]]
[2021.12.04-07.32.17:064][  0]LogConfig: Setting CVar [[gc.AllowParallelGC:1]]
[2021.12.04-07.32.17:064][  0]LogConfig: Setting CVar [[gc.TimeBetweenPurgingPendingKillObjects:61.1]]
[2021.12.04-07.32.17:064][  0]LogConfig: Setting CVar [[gc.MaxObjectsInEditor:25165824]]
[2021.12.04-07.32.17:064][  0]LogConfig: Setting CVar [[gc.IncrementalBeginDestroyEnabled:1]]
[2021.12.04-07.32.17:064][  0]LogConfig: Setting CVar [[gc.CreateGCClusters:1]]
[2021.12.04-07.32.17:064][  0]LogConfig: Setting CVar [[gc.MinGCClusterSize:5]]
[2021.12.04-07.32.17:064][  0]LogConfig: Setting CVar [[gc.ActorClusteringEnabled:0]]
[2021.12.04-07.32.17:064][  0]LogConfig: Setting CVar [[gc.BlueprintClusteringEnabled:0]]
[2021.12.04-07.32.17:064][  0]LogConfig: Setting CVar [[gc.UseDisregardForGCOnDedicatedServers:0]]
[2021.12.04-07.32.17:064][  0]LogConfig: Setting CVar [[gc.MultithreadedDestructionEnabled:1]]
[2021.12.04-07.32.17:064][  0]LogConfig: Applying CVar settings from Section [/Script/Engine.NetworkSettings] File [E:/RomaniaGameJam/2021SlowJam/RomaniaGameJam/RomanianGameJam/Saved/Config/Windows/Engine.ini]
[2021.12.04-07.32.17:064][  0]LogConfig: Applying CVar settings from Section [/Script/UnrealEd.CookerSettings] File [E:/RomaniaGameJam/2021SlowJam/RomaniaGameJam/RomanianGameJam/Saved/Config/Windows/Engine.ini]
[2021.12.04-07.32.17:095][  0]LogConfig: Applying CVar settings from Section [ViewDistanceQuality@3] File [E:/RomaniaGameJam/2021SlowJam/RomaniaGameJam/RomanianGameJam/Saved/Config/Windows/Scalability.ini]
[2021.12.04-07.32.17:095][  0]LogConfig: Setting CVar [[r.SkeletalMeshLODBias:0]]
[2021.12.04-07.32.17:095][  0]LogConfig: Setting CVar [[r.ViewDistanceScale:1.0]]
[2021.12.04-07.32.17:095][  0]LogConfig: Applying CVar settings from Section [AntiAliasingQuality@3] File [E:/RomaniaGameJam/2021SlowJam/RomaniaGameJam/RomanianGameJam/Saved/Config/Windows/Scalability.ini]
[2021.12.04-07.32.17:095][  0]LogConfig: Setting CVar [[r.PostProcessAAQuality:4]]
[2021.12.04-07.32.17:095][  0]LogConfig: Applying CVar settings from Section [ShadowQuality@3] File [E:/RomaniaGameJam/2021SlowJam/RomaniaGameJam/RomanianGameJam/Saved/Config/Windows/Scalability.ini]
[2021.12.04-07.32.17:095][  0]LogConfig: Setting CVar [[r.LightFunctionQuality:1]]
[2021.12.04-07.32.17:095][  0]LogConfig: Setting CVar [[r.ShadowQuality:5]]
[2021.12.04-07.32.17:095][  0]LogConfig: Setting CVar [[r.Shadow.CSM.MaxCascades:10]]
[2021.12.04-07.32.17:095][  0]LogConfig: Setting CVar [[r.Shadow.MaxResolution:2048]]
[2021.12.04-07.32.17:095][  0]LogConfig: Setting CVar [[r.Shadow.MaxCSMResolution:2048]]
[2021.12.04-07.32.17:095][  0]LogConfig: Setting CVar [[r.Shadow.RadiusThreshold:0.01]]
[2021.12.04-07.32.17:095][  0]LogConfig: Setting CVar [[r.Shadow.DistanceScale:1.0]]
[2021.12.04-07.32.17:095][  0]LogConfig: Setting CVar [[r.Shadow.CSM.TransitionScale:1.0]]
[2021.12.04-07.32.17:095][  0]LogConfig: Setting CVar [[r.Shadow.PreShadowResolutionFactor:1.0]]
[2021.12.04-07.32.17:095][  0]LogConfig: Setting CVar [[r.DistanceFieldShadowing:1]]
[2021.12.04-07.32.17:095][  0]LogConfig: Setting CVar [[r.DistanceFieldAO:1]]
[2021.12.04-07.32.17:095][  0]LogConfig: Setting CVar [[r.AOQuality:2]]
[2021.12.04-07.32.17:095][  0]LogConfig: Setting CVar [[r.VolumetricFog:1]]
[2021.12.04-07.32.17:095][  0]LogConfig: Setting CVar [[r.VolumetricFog.GridPixelSize:8]]
[2021.12.04-07.32.17:095][  0]LogConfig: Setting CVar [[r.VolumetricFog.GridSizeZ:128]]
[2021.12.04-07.32.17:095][  0]LogConfig: Setting CVar [[r.VolumetricFog.HistoryMissSupersampleCount:4]]
[2021.12.04-07.32.17:095][  0]LogConfig: Setting CVar [[r.LightMaxDrawDistanceScale:1]]
[2021.12.04-07.32.17:095][  0]LogConfig: Setting CVar [[r.CapsuleShadows:1]]
[2021.12.04-07.32.17:095][  0]LogConfig: Applying CVar settings from Section [PostProcessQuality@3] File [E:/RomaniaGameJam/2021SlowJam/RomaniaGameJam/RomanianGameJam/Saved/Config/Windows/Scalability.ini]
[2021.12.04-07.32.17:095][  0]LogConfig: Setting CVar [[r.MotionBlurQuality:4]]
[2021.12.04-07.32.17:095][  0]LogConfig: Setting CVar [[r.AmbientOcclusionMipLevelFactor:0.4]]
[2021.12.04-07.32.17:095][  0]LogConfig: Setting CVar [[r.AmbientOcclusionMaxQuality:100]]
[2021.12.04-07.32.17:095][  0]LogConfig: Setting CVar [[r.AmbientOcclusionLevels:-1]]
[2021.12.04-07.32.17:095][  0]LogConfig: Setting CVar [[r.AmbientOcclusionRadiusScale:1.0]]
[2021.12.04-07.32.17:095][  0]LogConfig: Setting CVar [[r.DepthOfFieldQuality:2]]
[2021.12.04-07.32.17:095][  0]LogConfig: Setting CVar [[r.RenderTargetPoolMin:400]]
[2021.12.04-07.32.17:095][  0]LogConfig: Setting CVar [[r.LensFlareQuality:2]]
[2021.12.04-07.32.17:095][  0]LogConfig: Setting CVar [[r.SceneColorFringeQuality:1]]
[2021.12.04-07.32.17:095][  0]LogConfig: Setting CVar [[r.EyeAdaptationQuality:2]]
[2021.12.04-07.32.17:095][  0]LogConfig: Setting CVar [[r.BloomQuality:5]]
[2021.12.04-07.32.17:095][  0]LogConfig: Setting CVar [[r.FastBlurThreshold:100]]
[2021.12.04-07.32.17:095][  0]LogConfig: Setting CVar [[r.Upscale.Quality:3]]
[2021.12.04-07.32.17:095][  0]LogConfig: Setting CVar [[r.Tonemapper.GrainQuantization:1]]
[2021.12.04-07.32.17:095][  0]LogConfig: Setting CVar [[r.LightShaftQuality:1]]
[2021.12.04-07.32.17:095][  0]LogConfig: Setting CVar [[r.Filter.SizeScale:1]]
[2021.12.04-07.32.17:095][  0]LogConfig: Setting CVar [[r.Tonemapper.Quality:5]]
[2021.12.04-07.32.17:095][  0]LogConfig: Setting CVar [[r.DOF.Gather.AccumulatorQuality:1        ; higher gathering accumulator quality]]
[2021.12.04-07.32.17:095][  0]LogConfig: Setting CVar [[r.DOF.Gather.PostfilterMethod:1          ; Median3x3 postfilering method]]
[2021.12.04-07.32.17:095][  0]LogConfig: Setting CVar [[r.DOF.Gather.EnableBokehSettings:0       ; no bokeh simulation when gathering]]
[2021.12.04-07.32.17:095][  0]LogConfig: Setting CVar [[r.DOF.Gather.RingCount:4                 ; medium number of samples when gathering]]
[2021.12.04-07.32.17:095][  0]LogConfig: Setting CVar [[r.DOF.Scatter.ForegroundCompositing:1    ; additive foreground scattering]]
[2021.12.04-07.32.17:095][  0]LogConfig: Setting CVar [[r.DOF.Scatter.BackgroundCompositing:2    ; additive background scattering]]
[2021.12.04-07.32.17:095][  0]LogConfig: Setting CVar [[r.DOF.Scatter.EnableBokehSettings:1      ; bokeh simulation when scattering]]
[2021.12.04-07.32.17:095][  0]LogConfig: Setting CVar [[r.DOF.Scatter.MaxSpriteRatio:0.1         ; only a maximum of 10% of scattered bokeh]]
[2021.12.04-07.32.17:095][  0]LogConfig: Setting CVar [[r.DOF.Recombine.Quality:1                ; cheap slight out of focus]]
[2021.12.04-07.32.17:095][  0]LogConfig: Setting CVar [[r.DOF.Recombine.EnableBokehSettings:0    ; no bokeh simulation on slight out of focus]]
[2021.12.04-07.32.17:095][  0]LogConfig: Setting CVar [[r.DOF.TemporalAAQuality:1                ; more stable temporal accumulation]]
[2021.12.04-07.32.17:095][  0]LogConfig: Setting CVar [[r.DOF.Kernel.MaxForegroundRadius:0.025]]
[2021.12.04-07.32.17:095][  0]LogConfig: Setting CVar [[r.DOF.Kernel.MaxBackgroundRadius:0.025]]
[2021.12.04-07.32.17:095][  0]LogConfig: Applying CVar settings from Section [TextureQuality@3] File [E:/RomaniaGameJam/2021SlowJam/RomaniaGameJam/RomanianGameJam/Saved/Config/Windows/Scalability.ini]
[2021.12.04-07.32.17:095][  0]LogConfig: Setting CVar [[r.Streaming.MipBias:0]]
[2021.12.04-07.32.17:095][  0]LogConfig: Setting CVar [[r.Streaming.AmortizeCPUToGPUCopy:0]]
[2021.12.04-07.32.17:095][  0]LogConfig: Setting CVar [[r.Streaming.MaxNumTexturesToStreamPerFrame:0]]
[2021.12.04-07.32.17:095][  0]LogConfig: Setting CVar [[r.Streaming.Boost:1]]
[2021.12.04-07.32.17:095][  0]LogConfig: Setting CVar [[r.MaxAnisotropy:8]]
[2021.12.04-07.32.17:095][  0]LogConfig: Setting CVar [[r.VT.MaxAnisotropy:8]]
[2021.12.04-07.32.17:095][  0]LogConfig: Setting CVar [[r.Streaming.LimitPoolSizeToVRAM:0]]
[2021.12.04-07.32.17:095][  0]LogConfig: Setting CVar [[r.Streaming.PoolSize:1000]]
[2021.12.04-07.32.17:095][  0]LogConfig: Setting CVar [[r.Streaming.MaxEffectiveScreenSize:0]]
[2021.12.04-07.32.17:095][  0]LogConfig: Applying CVar settings from Section [EffectsQuality@3] File [E:/RomaniaGameJam/2021SlowJam/RomaniaGameJam/RomanianGameJam/Saved/Config/Windows/Scalability.ini]
[2021.12.04-07.32.17:095][  0]LogConfig: Setting CVar [[r.TranslucencyLightingVolumeDim:64]]
[2021.12.04-07.32.17:095][  0]LogConfig: Setting CVar [[r.RefractionQuality:2]]
[2021.12.04-07.32.17:095][  0]LogConfig: Setting CVar [[r.SSR.Quality:3]]
[2021.12.04-07.32.17:095][  0]LogConfig: Setting CVar [[r.SSR.HalfResSceneColor:0]]
[2021.12.04-07.32.17:095][  0]LogConfig: Setting CVar [[r.SceneColorFormat:4]]
[2021.12.04-07.32.17:095][  0]LogConfig: Setting CVar [[r.DetailMode:2]]
[2021.12.04-07.32.17:095][  0]LogConfig: Setting CVar [[r.TranslucencyVolumeBlur:1]]
[2021.12.04-07.32.17:095][  0]LogConfig: Setting CVar [[r.MaterialQualityLevel:1 ; High quality]]
[2021.12.04-07.32.17:095][  0]LogConfig: Setting CVar [[r.AnisotropicMaterials:1]]
[2021.12.04-07.32.17:095][  0]LogConfig: Setting CVar [[r.SSS.Scale:1]]
[2021.12.04-07.32.17:095][  0]LogConfig: Setting CVar [[r.SSS.SampleSet:2]]
[2021.12.04-07.32.17:095][  0]LogConfig: Setting CVar [[r.SSS.Quality:1]]
[2021.12.04-07.32.17:095][  0]LogConfig: Setting CVar [[r.SSS.HalfRes:0]]
[2021.12.04-07.32.17:095][  0]LogConfig: Setting CVar [[r.SSGI.Quality:3]]
[2021.12.04-07.32.17:095][  0]LogConfig: Setting CVar [[r.EmitterSpawnRateScale:1.0]]
[2021.12.04-07.32.17:095][  0]LogConfig: Setting CVar [[r.ParticleLightQuality:2]]
[2021.12.04-07.32.17:095][  0]LogConfig: Setting CVar [[r.SkyAtmosphere.AerialPerspectiveLUT.FastApplyOnOpaque:1 ; Always have FastSkyLUT 1 in this case to avoid wrong sky]]
[2021.12.04-07.32.17:095][  0]LogConfig: Setting CVar [[r.SkyAtmosphere.AerialPerspectiveLUT.SampleCountMaxPerSlice:4]]
[2021.12.04-07.32.17:096][  0]LogConfig: Setting CVar [[r.SkyAtmosphere.AerialPerspectiveLUT.DepthResolution:16.0]]
[2021.12.04-07.32.17:096][  0]LogConfig: Setting CVar [[r.SkyAtmosphere.FastSkyLUT:1]]
[2021.12.04-07.32.17:096][  0]LogConfig: Setting CVar [[r.SkyAtmosphere.FastSkyLUT.SampleCountMin:4.0]]
[2021.12.04-07.32.17:096][  0]LogConfig: Setting CVar [[r.SkyAtmosphere.FastSkyLUT.SampleCountMax:128.0]]
[2021.12.04-07.32.17:096][  0]LogConfig: Setting CVar [[r.SkyAtmosphere.SampleCountMin:4.0]]
[2021.12.04-07.32.17:096][  0]LogConfig: Setting CVar [[r.SkyAtmosphere.SampleCountMax:128.0]]
[2021.12.04-07.32.17:096][  0]LogConfig: Setting CVar [[r.SkyAtmosphere.TransmittanceLUT.UseSmallFormat:0]]
[2021.12.04-07.32.17:096][  0]LogConfig: Setting CVar [[r.SkyAtmosphere.TransmittanceLUT.SampleCount:10.0]]
[2021.12.04-07.32.17:096][  0]LogConfig: Setting CVar [[r.SkyAtmosphere.MultiScatteringLUT.SampleCount:15.0]]
[2021.12.04-07.32.17:096][  0]LogConfig: Setting CVar [[r.SkyLight.RealTimeReflectionCapture:1]]
[2021.12.04-07.32.17:096][  0]LogConfig: Applying CVar settings from Section [FoliageQuality@3] File [E:/RomaniaGameJam/2021SlowJam/RomaniaGameJam/RomanianGameJam/Saved/Config/Windows/Scalability.ini]
[2021.12.04-07.32.17:096][  0]LogConfig: Setting CVar [[foliage.DensityScale:1.0]]
[2021.12.04-07.32.17:096][  0]LogConfig: Setting CVar [[grass.DensityScale:1.0]]
[2021.12.04-07.32.17:096][  0]LogConfig: Applying CVar settings from Section [ShadingQuality@3] File [E:/RomaniaGameJam/2021SlowJam/RomaniaGameJam/RomanianGameJam/Saved/Config/Windows/Scalability.ini]
[2021.12.04-07.32.17:096][  0]LogConfig: Setting CVar [[r.HairStrands.SkyLighting.IntegrationType:2]]
[2021.12.04-07.32.17:096][  0]LogConfig: Setting CVar [[r.HairStrands.SkyAO.SampleCount:4]]
[2021.12.04-07.32.17:096][  0]LogConfig: Setting CVar [[r.HairStrands.Visibility.MSAA.SamplePerPixel:4]]
[2021.12.04-07.32.17:096][  0]LogInit: Selected Device Profile: [Windows]
[2021.12.04-07.32.17:096][  0]LogInit: Applying CVar settings loaded from the selected device profile: [Windows]
[2021.12.04-07.32.17:096][  0]LogHAL: Display: Platform has ~ 64 GB [68680339456 / 68719476736 / 64], which maps to Largest [LargestMinGB=32, LargerMinGB=12, DefaultMinGB=8, SmallerMinGB=6, SmallestMinGB=0)
[2021.12.04-07.32.17:096][  0]LogInit: Going up to parent DeviceProfile []
[2021.12.04-07.32.17:096][  0]LogConfig: Applying CVar settings from Section [ViewDistanceQuality@3] File [E:/RomaniaGameJam/2021SlowJam/RomaniaGameJam/RomanianGameJam/Saved/Config/Windows/Scalability.ini]
[2021.12.04-07.32.17:096][  0]LogConfig: Setting CVar [[r.SkeletalMeshLODBias:0]]
[2021.12.04-07.32.17:096][  0]LogConfig: Setting CVar [[r.ViewDistanceScale:1.0]]
[2021.12.04-07.32.17:096][  0]LogConfig: Applying CVar settings from Section [AntiAliasingQuality@3] File [E:/RomaniaGameJam/2021SlowJam/RomaniaGameJam/RomanianGameJam/Saved/Config/Windows/Scalability.ini]
[2021.12.04-07.32.17:096][  0]LogConfig: Setting CVar [[r.PostProcessAAQuality:4]]
[2021.12.04-07.32.17:096][  0]LogConfig: Applying CVar settings from Section [ShadowQuality@3] File [E:/RomaniaGameJam/2021SlowJam/RomaniaGameJam/RomanianGameJam/Saved/Config/Windows/Scalability.ini]
[2021.12.04-07.32.17:096][  0]LogConfig: Setting CVar [[r.LightFunctionQuality:1]]
[2021.12.04-07.32.17:096][  0]LogConfig: Setting CVar [[r.ShadowQuality:5]]
[2021.12.04-07.32.17:096][  0]LogConfig: Setting CVar [[r.Shadow.CSM.MaxCascades:10]]
[2021.12.04-07.32.17:096][  0]LogConfig: Setting CVar [[r.Shadow.MaxResolution:2048]]
[2021.12.04-07.32.17:096][  0]LogConfig: Setting CVar [[r.Shadow.MaxCSMResolution:2048]]
[2021.12.04-07.32.17:096][  0]LogConfig: Setting CVar [[r.Shadow.RadiusThreshold:0.01]]
[2021.12.04-07.32.17:096][  0]LogConfig: Setting CVar [[r.Shadow.DistanceScale:1.0]]
[2021.12.04-07.32.17:096][  0]LogConfig: Setting CVar [[r.Shadow.CSM.TransitionScale:1.0]]
[2021.12.04-07.32.17:096][  0]LogConfig: Setting CVar [[r.Shadow.PreShadowResolutionFactor:1.0]]
[2021.12.04-07.32.17:096][  0]LogConfig: Setting CVar [[r.DistanceFieldShadowing:1]]
[2021.12.04-07.32.17:096][  0]LogConfig: Setting CVar [[r.DistanceFieldAO:1]]
[2021.12.04-07.32.17:096][  0]LogConfig: Setting CVar [[r.AOQuality:2]]
[2021.12.04-07.32.17:096][  0]LogConfig: Setting CVar [[r.VolumetricFog:1]]
[2021.12.04-07.32.17:096][  0]LogConfig: Setting CVar [[r.VolumetricFog.GridPixelSize:8]]
[2021.12.04-07.32.17:096][  0]LogConfig: Setting CVar [[r.VolumetricFog.GridSizeZ:128]]
[2021.12.04-07.32.17:096][  0]LogConfig: Setting CVar [[r.VolumetricFog.HistoryMissSupersampleCount:4]]
[2021.12.04-07.32.17:096][  0]LogConfig: Setting CVar [[r.LightMaxDrawDistanceScale:1]]
[2021.12.04-07.32.17:096][  0]LogConfig: Setting CVar [[r.CapsuleShadows:1]]
[2021.12.04-07.32.17:096][  0]LogConfig: Applying CVar settings from Section [PostProcessQuality@3] File [E:/RomaniaGameJam/2021SlowJam/RomaniaGameJam/RomanianGameJam/Saved/Config/Windows/Scalability.ini]
[2021.12.04-07.32.17:096][  0]LogConfig: Setting CVar [[r.MotionBlurQuality:4]]
[2021.12.04-07.32.17:096][  0]LogConfig: Setting CVar [[r.AmbientOcclusionMipLevelFactor:0.4]]
[2021.12.04-07.32.17:096][  0]LogConfig: Setting CVar [[r.AmbientOcclusionMaxQuality:100]]
[2021.12.04-07.32.17:096][  0]LogConfig: Setting CVar [[r.AmbientOcclusionLevels:-1]]
[2021.12.04-07.32.17:096][  0]LogConfig: Setting CVar [[r.AmbientOcclusionRadiusScale:1.0]]
[2021.12.04-07.32.17:096][  0]LogConfig: Setting CVar [[r.DepthOfFieldQuality:2]]
[2021.12.04-07.32.17:096][  0]LogConfig: Setting CVar [[r.RenderTargetPoolMin:400]]
[2021.12.04-07.32.17:096][  0]LogConfig: Setting CVar [[r.LensFlareQuality:2]]
[2021.12.04-07.32.17:096][  0]LogConfig: Setting CVar [[r.SceneColorFringeQuality:1]]
[2021.12.04-07.32.17:096][  0]LogConfig: Setting CVar [[r.EyeAdaptationQuality:2]]
[2021.12.04-07.32.17:096][  0]LogConfig: Setting CVar [[r.BloomQuality:5]]
[2021.12.04-07.32.17:096][  0]LogConfig: Setting CVar [[r.FastBlurThreshold:100]]
[2021.12.04-07.32.17:096][  0]LogConfig: Setting CVar [[r.Upscale.Quality:3]]
[2021.12.04-07.32.17:096][  0]LogConfig: Setting CVar [[r.Tonemapper.GrainQuantization:1]]
[2021.12.04-07.32.17:096][  0]LogConfig: Setting CVar [[r.LightShaftQuality:1]]
[2021.12.04-07.32.17:096][  0]LogConfig: Setting CVar [[r.Filter.SizeScale:1]]
[2021.12.04-07.32.17:096][  0]LogConfig: Setting CVar [[r.Tonemapper.Quality:5]]
[2021.12.04-07.32.17:096][  0]LogConfig: Setting CVar [[r.DOF.Gather.AccumulatorQuality:1        ; higher gathering accumulator quality]]
[2021.12.04-07.32.17:096][  0]LogConfig: Setting CVar [[r.DOF.Gather.PostfilterMethod:1          ; Median3x3 postfilering method]]
[2021.12.04-07.32.17:096][  0]LogConfig: Setting CVar [[r.DOF.Gather.EnableBokehSettings:0       ; no bokeh simulation when gathering]]
[2021.12.04-07.32.17:096][  0]LogConfig: Setting CVar [[r.DOF.Gather.RingCount:4                 ; medium number of samples when gathering]]
[2021.12.04-07.32.17:096][  0]LogConfig: Setting CVar [[r.DOF.Scatter.ForegroundCompositing:1    ; additive foreground scattering]]
[2021.12.04-07.32.17:096][  0]LogConfig: Setting CVar [[r.DOF.Scatter.BackgroundCompositing:2    ; additive background scattering]]
[2021.12.04-07.32.17:096][  0]LogConfig: Setting CVar [[r.DOF.Scatter.EnableBokehSettings:1      ; bokeh simulation when scattering]]
[2021.12.04-07.32.17:096][  0]LogConfig: Setting CVar [[r.DOF.Scatter.MaxSpriteRatio:0.1         ; only a maximum of 10% of scattered bokeh]]
[2021.12.04-07.32.17:096][  0]LogConfig: Setting CVar [[r.DOF.Recombine.Quality:1                ; cheap slight out of focus]]
[2021.12.04-07.32.17:096][  0]LogConfig: Setting CVar [[r.DOF.Recombine.EnableBokehSettings:0    ; no bokeh simulation on slight out of focus]]
[2021.12.04-07.32.17:096][  0]LogConfig: Setting CVar [[r.DOF.TemporalAAQuality:1                ; more stable temporal accumulation]]
[2021.12.04-07.32.17:096][  0]LogConfig: Setting CVar [[r.DOF.Kernel.MaxForegroundRadius:0.025]]
[2021.12.04-07.32.17:096][  0]LogConfig: Setting CVar [[r.DOF.Kernel.MaxBackgroundRadius:0.025]]
[2021.12.04-07.32.17:096][  0]LogConfig: Applying CVar settings from Section [TextureQuality@3] File [E:/RomaniaGameJam/2021SlowJam/RomaniaGameJam/RomanianGameJam/Saved/Config/Windows/Scalability.ini]
[2021.12.04-07.32.17:096][  0]LogConfig: Setting CVar [[r.Streaming.MipBias:0]]
[2021.12.04-07.32.17:096][  0]LogConfig: Setting CVar [[r.Streaming.AmortizeCPUToGPUCopy:0]]
[2021.12.04-07.32.17:096][  0]LogConfig: Setting CVar [[r.Streaming.MaxNumTexturesToStreamPerFrame:0]]
[2021.12.04-07.32.17:096][  0]LogConfig: Setting CVar [[r.Streaming.Boost:1]]
[2021.12.04-07.32.17:096][  0]LogConfig: Setting CVar [[r.MaxAnisotropy:8]]
[2021.12.04-07.32.17:096][  0]LogConfig: Setting CVar [[r.VT.MaxAnisotropy:8]]
[2021.12.04-07.32.17:096][  0]LogConfig: Setting CVar [[r.Streaming.LimitPoolSizeToVRAM:0]]
[2021.12.04-07.32.17:096][  0]LogConfig: Setting CVar [[r.Streaming.PoolSize:1000]]
[2021.12.04-07.32.17:096][  0]LogConfig: Setting CVar [[r.Streaming.MaxEffectiveScreenSize:0]]
[2021.12.04-07.32.17:097][  0]LogConfig: Applying CVar settings from Section [EffectsQuality@3] File [E:/RomaniaGameJam/2021SlowJam/RomaniaGameJam/RomanianGameJam/Saved/Config/Windows/Scalability.ini]
[2021.12.04-07.32.17:097][  0]LogConfig: Setting CVar [[r.TranslucencyLightingVolumeDim:64]]
[2021.12.04-07.32.17:097][  0]LogConfig: Setting CVar [[r.RefractionQuality:2]]
[2021.12.04-07.32.17:097][  0]LogConfig: Setting CVar [[r.SSR.Quality:3]]
[2021.12.04-07.32.17:097][  0]LogConfig: Setting CVar [[r.SSR.HalfResSceneColor:0]]
[2021.12.04-07.32.17:097][  0]LogConfig: Setting CVar [[r.SceneColorFormat:4]]
[2021.12.04-07.32.17:097][  0]LogConfig: Setting CVar [[r.DetailMode:2]]
[2021.12.04-07.32.17:097][  0]LogConfig: Setting CVar [[r.TranslucencyVolumeBlur:1]]
[2021.12.04-07.32.17:097][  0]LogConfig: Setting CVar [[r.MaterialQualityLevel:1 ; High quality]]
[2021.12.04-07.32.17:097][  0]LogConfig: Setting CVar [[r.AnisotropicMaterials:1]]
[2021.12.04-07.32.17:097][  0]LogConfig: Setting CVar [[r.SSS.Scale:1]]
[2021.12.04-07.32.17:097][  0]LogConfig: Setting CVar [[r.SSS.SampleSet:2]]
[2021.12.04-07.32.17:097][  0]LogConfig: Setting CVar [[r.SSS.Quality:1]]
[2021.12.04-07.32.17:097][  0]LogConfig: Setting CVar [[r.SSS.HalfRes:0]]
[2021.12.04-07.32.17:097][  0]LogConfig: Setting CVar [[r.SSGI.Quality:3]]
[2021.12.04-07.32.17:097][  0]LogConfig: Setting CVar [[r.EmitterSpawnRateScale:1.0]]
[2021.12.04-07.32.17:097][  0]LogConfig: Setting CVar [[r.ParticleLightQuality:2]]
[2021.12.04-07.32.17:097][  0]LogConfig: Setting CVar [[r.SkyAtmosphere.AerialPerspectiveLUT.FastApplyOnOpaque:1 ; Always have FastSkyLUT 1 in this case to avoid wrong sky]]
[2021.12.04-07.32.17:097][  0]LogConfig: Setting CVar [[r.SkyAtmosphere.AerialPerspectiveLUT.SampleCountMaxPerSlice:4]]
[2021.12.04-07.32.17:097][  0]LogConfig: Setting CVar [[r.SkyAtmosphere.AerialPerspectiveLUT.DepthResolution:16.0]]
[2021.12.04-07.32.17:097][  0]LogConfig: Setting CVar [[r.SkyAtmosphere.FastSkyLUT:1]]
[2021.12.04-07.32.17:097][  0]LogConfig: Setting CVar [[r.SkyAtmosphere.FastSkyLUT.SampleCountMin:4.0]]
[2021.12.04-07.32.17:097][  0]LogConfig: Setting CVar [[r.SkyAtmosphere.FastSkyLUT.SampleCountMax:128.0]]
[2021.12.04-07.32.17:097][  0]LogConfig: Setting CVar [[r.SkyAtmosphere.SampleCountMin:4.0]]
[2021.12.04-07.32.17:097][  0]LogConfig: Setting CVar [[r.SkyAtmosphere.SampleCountMax:128.0]]
[2021.12.04-07.32.17:097][  0]LogConfig: Setting CVar [[r.SkyAtmosphere.TransmittanceLUT.UseSmallFormat:0]]
[2021.12.04-07.32.17:097][  0]LogConfig: Setting CVar [[r.SkyAtmosphere.TransmittanceLUT.SampleCount:10.0]]
[2021.12.04-07.32.17:097][  0]LogConfig: Setting CVar [[r.SkyAtmosphere.MultiScatteringLUT.SampleCount:15.0]]
[2021.12.04-07.32.17:097][  0]LogConfig: Setting CVar [[r.SkyLight.RealTimeReflectionCapture:1]]
[2021.12.04-07.32.17:097][  0]LogConfig: Applying CVar settings from Section [FoliageQuality@3] File [E:/RomaniaGameJam/2021SlowJam/RomaniaGameJam/RomanianGameJam/Saved/Config/Windows/Scalability.ini]
[2021.12.04-07.32.17:097][  0]LogConfig: Setting CVar [[foliage.DensityScale:1.0]]
[2021.12.04-07.32.17:097][  0]LogConfig: Setting CVar [[grass.DensityScale:1.0]]
[2021.12.04-07.32.17:097][  0]LogConfig: Applying CVar settings from Section [ShadingQuality@3] File [E:/RomaniaGameJam/2021SlowJam/RomaniaGameJam/RomanianGameJam/Saved/Config/Windows/Scalability.ini]
[2021.12.04-07.32.17:097][  0]LogConfig: Setting CVar [[r.HairStrands.SkyLighting.IntegrationType:2]]
[2021.12.04-07.32.17:097][  0]LogConfig: Setting CVar [[r.HairStrands.SkyAO.SampleCount:4]]
[2021.12.04-07.32.17:097][  0]LogConfig: Setting CVar [[r.HairStrands.Visibility.MSAA.SamplePerPixel:4]]
[2021.12.04-07.32.17:097][  0]LogConfig: Applying CVar settings from Section [Startup] File [../../../Engine/Config/ConsoleVariables.ini]
[2021.12.04-07.32.17:097][  0]LogConfig: Setting CVar [[net.UseAdaptiveNetUpdateFrequency:0]]
[2021.12.04-07.32.17:097][  0]LogConfig: Setting CVar [[p.chaos.AllowCreatePhysxBodies:1]]
[2021.12.04-07.32.17:097][  0]LogConfig: Setting CVar [[fx.SkipVectorVMBackendOptimizations:1]]
[2021.12.04-07.32.17:097][  0]LogConfig: Applying CVar settings from Section [ConsoleVariables] File [E:/RomaniaGameJam/2021SlowJam/RomaniaGameJam/RomanianGameJam/Saved/Config/Windows/Engine.ini]
[2021.12.04-07.32.17:097][  0]LogConfig: Applying CVar settings from Section [ConsoleVariables] File [E:/RomaniaGameJam/2021SlowJam/RomaniaGameJam/RomanianGameJam/Saved/Config/Windows/Editor.ini]
[2021.12.04-07.32.17:097][  0]LogInit: Computer: DESKTOP-H769FSL
[2021.12.04-07.32.17:097][  0]LogInit: User: andri
[2021.12.04-07.32.17:097][  0]LogInit: CPU Page size=4096, Cores=4
[2021.12.04-07.32.17:097][  0]LogInit: High frequency timer resolution =10.000000 MHz
[2021.12.04-07.32.17:097][  0]LogMemory: Memory total: Physical=64.0GB (64GB approx)
[2021.12.04-07.32.17:097][  0]LogMemory: Platform Memory Stats for Windows
[2021.12.04-07.32.17:097][  0]LogMemory: Process Physical Memory: 142.40 MB used, 142.40 MB peak
[2021.12.04-07.32.17:097][  0]LogMemory: Process Virtual Memory: 128.31 MB used, 128.31 MB peak
[2021.12.04-07.32.17:097][  0]LogMemory: Physical Memory: 17044.17 MB used,  48454.51 MB free, 65498.68 MB total
[2021.12.04-07.32.17:097][  0]LogMemory: Virtual Memory: 134165152.00 MB used,  52578.29 MB free, 134217728.00 MB total
[2021.12.04-07.32.17:102][  0]LogWindows: WindowsPlatformFeatures enabled
[2021.12.04-07.32.17:143][  0]LogInit: Physics initialised using underlying interface: PhysX
[2021.12.04-07.32.17:143][  0]LogInit: Using OS detected language (en-US).
[2021.12.04-07.32.17:143][  0]LogInit: Using OS detected locale (en-US).
[2021.12.04-07.32.17:145][  0]LogTextLocalizationManager: No specific localization for 'en-US' exists, so the 'en' localization will be used.
[2021.12.04-07.32.17:351][  0]LogWindowsTextInputMethodSystem: Display: IME system deactivated.
[2021.12.04-07.32.17:405][  0]LogSlate: New Slate User Created.  User Index 0, Is Virtual User: 0
[2021.12.04-07.32.17:405][  0]LogSlate: Slate User Registered.  User Index 0, Is Virtual User: 0
[2021.12.04-07.32.17:439][  0]LogD3D11RHI: Loaded GFSDK_Aftermath_Lib.x64.dll
[2021.12.04-07.32.17:442][  0]LogHMD: Failed to initialize OpenVR with code 110
[2021.12.04-07.32.17:442][  0]LogD3D11RHI: D3D11 min allowed feature level: 11_0
[2021.12.04-07.32.17:442][  0]LogD3D11RHI: D3D11 max allowed feature level: 11_0
[2021.12.04-07.32.17:442][  0]LogD3D11RHI: D3D11 adapters:
[2021.12.04-07.32.17:547][  0]LogD3D11RHI:    0. 'NVIDIA GeForce RTX 2080' (Feature Level 11_0)
[2021.12.04-07.32.17:547][  0]LogD3D11RHI:       8010/0/32749 MB DedicatedVideo/DedicatedSystem/SharedSystem, Outputs:1, VendorId:0x10de
[2021.12.04-07.32.17:549][  0]LogD3D11RHI:    1. 'Microsoft Basic Render Driver' (Feature Level 11_0)
[2021.12.04-07.32.17:549][  0]LogD3D11RHI:       0/0/32749 MB DedicatedVideo/DedicatedSystem/SharedSystem, Outputs:0, VendorId:0x1414
[2021.12.04-07.32.17:549][  0]LogD3D11RHI: Chosen D3D11 Adapter:
[2021.12.04-07.32.17:549][  0]LogD3D11RHI:     Description : NVIDIA GeForce RTX 2080
[2021.12.04-07.32.17:549][  0]LogD3D11RHI:     VendorId    : 10de
[2021.12.04-07.32.17:549][  0]LogD3D11RHI:     DeviceId    : 1e87
[2021.12.04-07.32.17:549][  0]LogD3D11RHI:     SubSysId    : 12a610de
[2021.12.04-07.32.17:549][  0]LogD3D11RHI:     Revision    : 00a1
[2021.12.04-07.32.17:549][  0]LogD3D11RHI:     DedicatedVideoMemory : 8399093760 bytes
[2021.12.04-07.32.17:549][  0]LogD3D11RHI:     DedicatedSystemMemory : 0 bytes
[2021.12.04-07.32.17:549][  0]LogD3D11RHI:     SharedSystemMemory : 34340169728 bytes
[2021.12.04-07.32.17:549][  0]LogD3D11RHI:     AdapterLuid : 0 42567
[2021.12.04-07.32.17:555][  0]LogD3D11RHI: Creating new Direct3DDevice
[2021.12.04-07.32.17:555][  0]LogD3D11RHI:     GPU DeviceId: 0x1e87 (for the marketing name, search the web for "GPU Device Id")
[2021.12.04-07.32.17:555][  0]LogWindows: EnumDisplayDevices:
[2021.12.04-07.32.17:555][  0]LogWindows:    0. 'NVIDIA GeForce RTX 2080' (P:1 D:1)
[2021.12.04-07.32.17:555][  0]LogWindows:    1. 'NVIDIA GeForce RTX 2080' (P:0 D:0)
[2021.12.04-07.32.17:556][  0]LogWindows:    2. 'NVIDIA GeForce RTX 2080' (P:0 D:0)
[2021.12.04-07.32.17:556][  0]LogWindows:    3. 'NVIDIA GeForce RTX 2080' (P:0 D:0)
[2021.12.04-07.32.17:556][  0]LogWindows: DebugString: FoundDriverCount:4 
[2021.12.04-07.32.17:556][  0]LogD3D11RHI:     Adapter Name: NVIDIA GeForce RTX 2080
[2021.12.04-07.32.17:556][  0]LogD3D11RHI:   Driver Version: 496.49 (internal:30.0.14.9649, unified:496.49)
[2021.12.04-07.32.17:556][  0]LogD3D11RHI:      Driver Date: 10-20-2021
[2021.12.04-07.32.17:556][  0]LogRHI: Texture pool is 5607 MB (70% of 8010 MB)
[2021.12.04-07.32.17:556][  0]LogD3D11RHI: Creating D3DDevice using adapter:
[2021.12.04-07.32.17:556][  0]LogD3D11RHI:     Description : NVIDIA GeForce RTX 2080
[2021.12.04-07.32.17:556][  0]LogD3D11RHI:     VendorId    : 10de
[2021.12.04-07.32.17:556][  0]LogD3D11RHI:     DeviceId    : 1e87
[2021.12.04-07.32.17:556][  0]LogD3D11RHI:     SubSysId    : 12a610de
[2021.12.04-07.32.17:556][  0]LogD3D11RHI:     Revision    : 00a1
[2021.12.04-07.32.17:556][  0]LogD3D11RHI:     DedicatedVideoMemory : 8399093760 bytes
[2021.12.04-07.32.17:556][  0]LogD3D11RHI:     DedicatedSystemMemory : 0 bytes
[2021.12.04-07.32.17:556][  0]LogD3D11RHI:     SharedSystemMemory : 34340169728 bytes
[2021.12.04-07.32.17:556][  0]LogD3D11RHI:     AdapterLuid : 0 42567
[2021.12.04-07.32.17:611][  0]LogD3D11RHI: RHI has support for 64 bit atomics
[2021.12.04-07.32.17:611][  0]LogD3D11RHI: Async texture creation enabled
[2021.12.04-07.32.17:611][  0]LogD3D11RHI: Array index from any shader is supported
[2021.12.04-07.32.17:630][  0]LogD3D11RHI: GPU Timing Frequency: 1000.000000 (Debug: 2 2)
[2021.12.04-07.32.17:676][  0]LogRHI: GeForceNow SDK initialized: 1
[2021.12.04-07.32.17:985][  0]LogTargetPlatformManager: Display: Loaded TargetPlatform 'WindowsNoEditor'
[2021.12.04-07.32.17:989][  0]LogTargetPlatformManager: Display: Loaded TargetPlatform 'Windows'
[2021.12.04-07.32.17:992][  0]LogTargetPlatformManager: Display: Loaded TargetPlatform 'WindowsClient'
[2021.12.04-07.32.17:994][  0]LogTargetPlatformManager: Display: Loaded TargetPlatform 'WindowsServer'
[2021.12.04-07.32.17:994][  0]LogTargetPlatformManager: Display: Building Assets For Windows
[2021.12.04-07.32.18:000][  0]LogAudioDebug: Display: Lib vorbis DLL was dynamically loaded.
[2021.12.04-07.32.18:022][  0]LogTextureFormatOodle: Display: Oodle Texture 2.9.0 init RDO Off
[2021.12.04-07.32.18:046][  0]LogRendererCore: Ray tracing is disabled. Reason: r.RayTracing=0.
[2021.12.04-07.32.18:046][  0]LogShaderCompilers: Guid format shader working directory is -30 characters bigger than the processId version (../../../../../../RomaniaGameJam/2021SlowJam/RomaniaGameJam/RomanianGameJam/Intermediate/Shaders/WorkingDirectory/20384/).
[2021.12.04-07.32.18:047][  0]LogShaderCompilers: Cleaned the shader compiler working directory 'C:/Users/andri/AppData/Local/Temp/UnrealShaderWorkingDir/6EBA86EB41691C6FAF242D998EB25B93/'.
[2021.12.04-07.32.18:047][  0]LogXGEController: Cannot use XGE Controller as Incredibuild is not installed on this machine.
[2021.12.04-07.32.18:047][  0]LogShaderCompilers: Cannot use XGE Shader Compiler as Incredibuild is not installed on this machine.
[2021.12.04-07.32.18:047][  0]LogShaderCompilers: Display: Using Local Shader Compiler.
[2021.12.04-07.32.18:687][  0]LogDerivedDataCache: Display: Max Cache Size: 512 MB
[2021.12.04-07.32.18:732][  0]LogDerivedDataCache: Loaded boot cache 0.05s 94MB C:/Users/andri/AppData/Local/UnrealEngine/4.27/DerivedDataCache/Boot.ddc.
[2021.12.04-07.32.18:732][  0]LogDerivedDataCache: Display: Loaded Boot cache: C:/Users/andri/AppData/Local/UnrealEngine/4.27/DerivedDataCache/Boot.ddc
[2021.12.04-07.32.18:732][  0]LogDerivedDataCache: FDerivedDataBackendGraph:  Pak pak cache file ../../../../../../RomaniaGameJam/2021SlowJam/RomaniaGameJam/RomanianGameJam/DerivedDataCache/DDC.ddp not found, will not use a pak cache.
[2021.12.04-07.32.18:732][  0]LogDerivedDataCache: Unable to find inner node Pak for hierarchical cache Hierarchy.
[2021.12.04-07.32.18:732][  0]LogDerivedDataCache: FDerivedDataBackendGraph:  CompressedPak pak cache file ../../../../../../RomaniaGameJam/2021SlowJam/RomaniaGameJam/RomanianGameJam/DerivedDataCache/Compressed.ddp not found, will not use a pak cache.
[2021.12.04-07.32.18:732][  0]LogDerivedDataCache: Unable to find inner node CompressedPak for hierarchical cache Hierarchy.
[2021.12.04-07.32.18:746][  0]LogDerivedDataCache: Display: Pak cache opened for reading ../../../Engine/DerivedDataCache/Compressed.ddp.
[2021.12.04-07.32.18:746][  0]LogDerivedDataCache: FDerivedDataBackendGraph:  EnterprisePak pak cache file ../../../Enterprise/DerivedDataCache/Compressed.ddp not found, will not use a pak cache.
[2021.12.04-07.32.18:746][  0]LogDerivedDataCache: Unable to find inner node EnterprisePak for hierarchical cache Hierarchy.
[2021.12.04-07.32.18:763][  0]LogDerivedDataCache: Speed tests for C:/Users/andri/AppData/Local/UnrealEngine/Common/DerivedDataCache took 0.02 seconds
[2021.12.04-07.32.18:763][  0]LogDerivedDataCache: Display: Performance to C:/Users/andri/AppData/Local/UnrealEngine/Common/DerivedDataCache: Latency=0.04ms. RandomReadSpeed=771.46MBs, RandomWriteSpeed=59.58MBs. Assigned SpeedClass 'Local'
[2021.12.04-07.32.18:764][  0]LogDerivedDataCache: Using Local data cache path C:/Users/andri/AppData/Local/UnrealEngine/Common/DerivedDataCache: Writable
[2021.12.04-07.32.18:764][  0]LogDerivedDataCache: Shared data cache path not found in *engine.ini, will not use an Shared cache.
[2021.12.04-07.32.18:764][  0]LogDerivedDataCache: Unable to find inner node Shared for hierarchical cache Hierarchy.
[2021.12.04-07.32.18:795][  0]LogSlate: Using FreeType 2.10.0
[2021.12.04-07.32.18:796][  0]LogSlate: SlateFontServices - WITH_FREETYPE: 1, WITH_HARFBUZZ: 1
[2021.12.04-07.32.18:861][  0]LogInit: Using OS detected language (en-US).
[2021.12.04-07.32.18:861][  0]LogInit: Using OS detected locale (en-US).
[2021.12.04-07.32.18:861][  0]LogTextLocalizationManager: No localization for 'en-US' exists, so 'en' will be used for the language.
[2021.12.04-07.32.18:861][  0]LogTextLocalizationManager: No localization for 'en-US' exists, so 'en' will be used for the locale.
[2021.12.04-07.32.18:861][  0]LogSlate: FontCache flush requested. Reason: Culture for localization was changed
[2021.12.04-07.32.18:861][  0]LogSlate: FontCache flush requested. Reason: Culture for localization was changed
[2021.12.04-07.32.18:863][  0]LogTextLocalizationManager: Compacting localization data took   0.00ms
[2021.12.04-07.32.18:863][  0]LogAssetRegistry: FAssetRegistry took 0.0017 seconds to start up
[2021.12.04-07.32.18:990][  0]LogPackageLocalizationCache: Processed 27 localized package path(s) for 1 prioritized culture(s) in 0.000990 seconds
[2021.12.04-07.32.19:042][  0]LogInit: Selected Device Profile: [Windows]
[2021.12.04-07.32.19:042][  0]LogInit: Active device profile: [0000028071D8EC00][0000028069B31980 49] Windows
[2021.12.04-07.32.19:042][  0]LogInit: Profiles: [0000028071D8EC00][0000028069B31980 49] Windows, [0000028071D2D000][0000028069B35AC0 49] WindowsNoEditor, [0000028071D8E500][0000028069B3C0C0 49] WindowsServer, [0000028071D2EA00][0000028069DA8240 49] WindowsClient, [0000028071D2FC00][0000028069DAC3C0 49] IOS, [0000028071D53F00][0000028069DB0540 49] iPadAir, [0000028071D8DA00][0000028069DB46C0 49] iPadAir2, [0000028071CD0F00][0000028069DBC980 49] IPadPro, [0000028071CD1000][0000028069DB89C0 49] iPadAir3, [0000028071D50D00][0000028069DC0B40 49] iPadAir4, [0000028071CD2100][0000028069DC4CC0 49] iPadMini2, [0000028071D51D00][0000028069DC8E40 49] iPadMini3, [0000028071CD1600][0000028069DCCFC0 49] iPadMini4, [0000028071D51000][0000028070C8D140 49] iPadMini5, [0000028071D2C100][0000028070C95400 49] iPhone6, [0000028071D2C300][0000028070C91440 49] iPodTouch6, [0000028071D8D400][0000028070C9D700 49] iPhone7, [0000028071D8D300][0000028070C99740 49] iPodTouch7, [0000028071D2F800][0000028070CA18C0 49] iPhone5S, [0000028071CD3700][0000028069B39A00 49] iPhone6Plus, [0000028071D2F700][0000028070CA5B40 49] iPhone6S, [0000028071CD1100][0000028070CA8100 49] iPhone6SPlus, [0000028071D2CF00][0000028070CB0280 49] iPhone7Plus, [0000028071CD3500][0000028070CB4400 49] iPhoneSE, [0000028071D2C500][0000028070CB8580 49] iPhone8, [0000028071CD0200][0000028070CBC700 49] iPhone8Plus, [0000028071D8E900][0000028070CC0880 49] iPhoneX, [0000028071CD0400][0000028070CC4A00 49] iPhoneXS, [0000028071D8CF00][0000028070CC8B80 49] iPhoneXSMax, [0000028071CD2800][0000028070CCCD00 49] iPhoneXR, [0000028071D8C600][0000028070CD0E80 49] iPhone11, [0000028071CD0C00][0000028070CD5000 49] iPhone11Pro, [0000028071D8F200][0000028070CD9180 49] iPhone11ProMax, [0000028071CD0900][0000028070CDD300 49] iPhoneSE2, [0000028071D8E000][0000028070CE1480 49] iPhone12Mini, [0000028071CD3400][0000028070CE5600 49] iPhone12, [0000028071D8EA00][0000028070CE9780 49] iPhone12Pro, [0000028071CD0500][0000028070CED900 49] iPhone12ProMax, [0000028071D8F300][0000028070CF1A80 49] iPadPro105, [0000028071CD0300][0000028070CADBC0 49] iPadPro129, [0000028071D8C500][0000028070CF4180 49] iPadPro97, [0000028071CD0B00][0000028070CF82C0 49] iPadPro2_129, [0000028071D8EB00][0000028070D00440 49] iPad5, [0000028071CD0600][0000028070D045C0 49] iPad6, [0000028071D8EE00][0000028070D08740 49] iPad7, [0000028071CD2D00][0000028070D0C8C0 49] iPad8, [0000028071D8E200][0000028070D10A40 49] iPadPro11, [0000028071CD2600][0000028070D14BC0 49] iPadPro2_11, [0000028071D8DE00][0000028070D18D40 49] iPadPro3_129, [0000028071CD1800][0000028070D1CEC0 49] iPadPro4_129, [0000028071D8F100][0000028070D21040 49] AppleTV, [0000028071CD2400][0000028070D251C0 49] AppleTV4K, [0000028071D8D700][0000028070D29340 49] TVOS, [0000028071CD3F00][0000028070D2D4C0 49] Mac, [0000028071D8E400][0000028070D31640 49] MacClient, [0000028071CD0A00][0000028070D357C0 49] MacNoEditor, [0000028071D8D100][0000028070D39940 49] MacServer, [0000028071CD3200][0000028070D3DAC0 49] Linux, [0000028071D8EF00][0000028070D400C0 49] LinuxAArch64, [0000028071CD3600][0000028070CFC200 49] LinuxNoEditor, [0000028071D8CD00][0000028070D44340 49] LinuxAArch64NoEditor, [0000028071CD2F00][0000028070D48480 49] LinuxClient, [0000028071D8D000][0000028070D4C5C0 49] LinuxAArch64Client, [0000028071CD1B00][0000028070D54740 49] LinuxServer, [0000028071D8D200][0000028070D588C0 49] LinuxAArch64Server, [0000028071CD1C00][0000028070D5CA40 49] Android, [0000028071D2F500][0000028070D60BC0 49] Android_Low, [0000028071D50400][0000028070D64D40 49] Android_Mid, [0000028071D2FF00][0000028070D68EC0 49] Android_High, [0000028071D50300][0000028070D6D040 49] Android_Default, [0000028071D2CE00][0000028070D711C0 49] Android_Adreno4xx, [0000028071D51700][0000028070D75340 49] Android_Adreno5xx_Low, [0000028071D2E600][0000028070D794C0 49] Android_Adreno5xx, [0000028071D50700][0000028070D7D640 49] Android_Adreno6xx, [0000028071D2E700][0000028070D817C0 49] Android_Adreno6xx_Vulkan, [0000028071D51500][0000028070D85940 49] Android_Mali_T6xx, [0000028071D2C900][0000028070D89AC0 49] Android_Mali_T7xx, [0000028071D50A00][0000028070D8C0C0 49] Android_Mali_T8xx, [0000028071D2DD00][0000028070D90240 49] Android_Mali_G71, [0000028071D51E00][0000028070D50380 49] Android_Mali_G72, [0000028071D2CB00][0000028070D944C0 49] Android_Mali_G72_Vulkan, [0000028071D52C00][0000028070D98600 49] Android_Mali_G76, [0000028071D2F200][0000028070D9C740 49] Android_Mali_G76_Vulkan, [0000028071D53700][0000028070DA48C0 49] Android_Mali_G77, [0000028071D2DB00][0000028070DA8A40 49] Android_Mali_G77_Vulkan, [0000028071D53000][0000028070DACBC0 49] Android_Mali_G78, [0000028071D2CC00][0000028070DB0D40 49] Android_Mali_G78_Vulkan, [0000028071D53900][0000028070DB4EC0 49] Android_Mali_G710, [0000028071D2DE00][0000028070DB9040 49] Android_Mali_G710_Vulkan, [0000028071D53C00][0000028070DBD1C0 49] Android_Vulkan_SM5, [0000028071D2C700][0000028070DC1340 49] Android_PowerVR_G6xxx, [0000028071D52E00][0000028070DC54C0 49] Android_PowerVR_GT7xxx, [0000028071D2CD00][0000028070DC9640 49] Android_PowerVR_GE8xxx, [0000028071D53D00][0000028070DCD7C0 49] Android_PowerVR_GM9xxx, [0000028071D2F600][0000028070DD1940 49] Android_PowerVR_GM9xxx_Vulkan, [0000028071D50200][0000028070DD5AC0 49] Android_TegraK1, [0000028071D2DF00][0000028070DD80C0 49] Android_Unknown_Vulkan, [0000028071D50600][0000028070DDC240 49] Lumin, [0000028071D2C400][00000280536AA3C0 49] Lumin_Desktop, [0000028071D8CA00][00000280536AE540 49] HoloLens, 
[2021.12.04-07.32.19:072][  0]LogMeshReduction: Using QuadricMeshReduction for automatic static mesh reduction
[2021.12.04-07.32.19:072][  0]LogMeshReduction: Using SimplygonMeshReduction for automatic skeletal mesh reduction
[2021.12.04-07.32.19:072][  0]LogMeshReduction: Using ProxyLODMeshReduction for automatic mesh merging
[2021.12.04-07.32.19:072][  0]LogMeshReduction: No distributed automatic mesh merging module available
[2021.12.04-07.32.19:072][  0]LogMeshMerging: No distributed automatic mesh merging module available
[2021.12.04-07.32.19:178][  0]LogNetVersion: RomanianGameJam 1.0.0, NetCL: 17155196, EngineNetVer: 17, GameNetVer: 0 (Checksum: 3749638845)
[2021.12.04-07.32.19:368][  0]LogTexture: Default maximum texture size for cubemaps generated from long-lat sources has been changed from 512 to unlimited. In order to preserve old behaiour for '/Engine/MapTemplates/Sky/DaylightAmbientCubemap.DaylightAmbientCubemap', its maximum texture size has been explicitly set to 512.
[2021.12.04-07.32.19:407][  0]LogHMD: PokeAHoleMaterial loaded successfully
[2021.12.04-07.32.19:480][  0]LogMoviePlayer: Initializing movie player
[2021.12.04-07.32.19:574][  0]LogNiagaraDebuggerClient: Niagara Debugger Client Initialized | Session: 6E23C6A14C8D82C72D2C899CE67EBC30 | Instance: 0646A0A3472158E7988CCDB1EC2239DB (DESKTOP-H769FSL-20384).
[2021.12.04-07.32.19:588][  0]LogCollectionManager: Loaded 0 collections in 0.000622 seconds
[2021.12.04-07.32.19:590][  0]LogFileCache: Scanning file cache for directory 'E:/RomaniaGameJam/2021SlowJam/RomaniaGameJam/RomanianGameJam/Saved/Collections/' took 0.00s
[2021.12.04-07.32.19:590][  0]LogFileCache: Scanning file cache for directory 'E:/RomaniaGameJam/2021SlowJam/RomaniaGameJam/RomanianGameJam/Content/Developers/andri/Collections/' took 0.00s
[2021.12.04-07.32.19:590][  0]LogCollectionManager: Fixed up redirectors for 0 collections in 0.000001 seconds (updated 0 objects)
[2021.12.04-07.32.19:603][  0]LogFileCache: Scanning file cache for directory 'E:/RomaniaGameJam/2021SlowJam/RomaniaGameJam/RomanianGameJam/Content/Collections/' took 0.00s
[2021.12.04-07.32.19:603][  0]LogImageWrapper: Warning: PNG Warning: Duplicate iCCP chunk
[2021.12.04-07.32.19:603][  0]LogImageWrapper: Warning: PNG Warning: Duplicate iCCP chunk
[2021.12.04-07.32.19:603][  0]LogPython: Using Python 3.7.7
[2021.12.04-07.32.20:020][  0]LogTcpMessaging: Initializing TcpMessaging bridge
[2021.12.04-07.32.20:023][  0]LogUdpMessaging: Initializing bridge on interface 0.0.0.0:0 to multicast group 230.0.0.1:6666.
[2021.12.04-07.32.20:088][  0]SourceControl: Source control is disabled
[2021.12.04-07.32.20:088][  0]SourceControl: Source control is disabled
[2021.12.04-07.32.20:090][  0]SourceControl: Source control is disabled
[2021.12.04-07.32.20:095][  0]LogUProjectInfo: Found projects:
[2021.12.04-07.32.20:150][  0]LogOpenImageDenoise: OIDN starting up
[2021.12.04-07.32.20:190][  0]LogAudioCaptureCore: Display: No Audio Capture implementations found. Audio input will be silent.
[2021.12.04-07.32.20:190][  0]LogAudioCaptureCore: Display: No Audio Capture implementations found. Audio input will be silent.
[2021.12.04-07.32.20:229][  0]LogAndroidPermission: UAndroidPermissionCallbackProxy::GetInstance
[2021.12.04-07.32.20:241][  0]LogOcInput: OculusInput pre-init called
[2021.12.04-07.32.20:247][  0]LogUObjectArray: 22122 objects as part of root set at end of initial load.
[2021.12.04-07.32.20:247][  0]LogUObjectAllocator: 5975680 out of 0 bytes used by permanent object pool.
[2021.12.04-07.32.20:247][  0]LogUObjectArray: CloseDisregardForGC: 0/0 objects in disregard for GC pool
[2021.12.04-07.32.20:281][  0]LogEngine: Initializing Engine...
[2021.12.04-07.32.20:283][  0]LogHMD: Failed to enumerate extensions. Please check that you have a valid OpenXR runtime installed.
[2021.12.04-07.32.20:284][  0]LogHMD: Failed to initialize OpenVR with code 110
[2021.12.04-07.32.20:284][  0]LogMagicLeap: Warning: VR disabled because ZI is not enabled.  To enable, in the editor, Edit -> Project Settings -> Plugins -> Magic Leap Plugin -> Enable Zero Iteration
[2021.12.04-07.32.20:285][  0]LogStats: UGameplayTagsManager::InitializeManager -  0.000 s
[2021.12.04-07.32.20:354][  0]LogInit: Initializing FReadOnlyCVARCache
[2021.12.04-07.32.20:354][  0]LogAudio: Display: Initializing Audio Device Manager...
[2021.12.04-07.32.20:357][  0]LogAudio: Display: Loading Default Audio Settings Objects...
[2021.12.04-07.32.20:357][  0]LogAudio: Display: No default SoundConcurrencyObject specified (or failed to load).
[2021.12.04-07.32.20:358][  0]LogAudio: Display: Audio Device Manager Initialized
[2021.12.04-07.32.20:358][  0]LogAudio: Display: Creating Audio Device:                 Id: 1, Scope: Shared, Realtime: True
[2021.12.04-07.32.20:358][  0]LogAudioMixer: Display: Audio Mixer Platform Settings:
[2021.12.04-07.32.20:358][  0]LogAudioMixer: Display: 	Sample Rate:						  48000
[2021.12.04-07.32.20:358][  0]LogAudioMixer: Display: 	Callback Buffer Frame Size Requested: 1024
[2021.12.04-07.32.20:358][  0]LogAudioMixer: Display: 	Callback Buffer Frame Size To Use:	  1024
[2021.12.04-07.32.20:358][  0]LogAudioMixer: Display: 	Number of buffers to queue:			  2
[2021.12.04-07.32.20:358][  0]LogAudioMixer: Display: 	Max Channels (voices):				  32
[2021.12.04-07.32.20:358][  0]LogAudioMixer: Display: 	Number of Async Source Workers:		  0
[2021.12.04-07.32.20:358][  0]LogAudio: Display: AudioDevice MaxSources: 32
[2021.12.04-07.32.20:358][  0]LogAudio: Display: Audio Spatialization Plugin: None (built-in).
[2021.12.04-07.32.20:358][  0]LogAudio: Display: Audio Reverb Plugin: None (built-in).
[2021.12.04-07.32.20:358][  0]LogAudio: Display: Audio Occlusion Plugin: None (built-in).
[2021.12.04-07.32.20:358][  0]LogAudioMixer: Display: Initializing audio mixer.
[2021.12.04-07.32.20:370][  0]LogAudioMixer: Display: 0: FrontLeft
[2021.12.04-07.32.20:370][  0]LogAudioMixer: Display: 1: FrontRight
[2021.12.04-07.32.20:386][  0]LogAudioMixer: Display: Using Audio Device Headphones (SteelSeries Arctis Pro Game)
[2021.12.04-07.32.20:389][  0]LogAudioMixer: Display: Initializing Sound Submixes...
[2021.12.04-07.32.20:390][  0]LogAudioMixer: Display: Creating Master Submix 'MasterSubmixDefault'
[2021.12.04-07.32.20:390][  0]LogAudioMixer: Display: Creating Master Submix 'MasterReverbSubmixDefault'
[2021.12.04-07.32.20:391][  0]LogAudioMixer: Display: Creating Master Submix 'MasterEQSubmixDefault'
[2021.12.04-07.32.20:391][  0]LogAudioMixer: FMixerPlatformXAudio2::StartAudioStream() called
[2021.12.04-07.32.20:391][  0]LogAudioMixer: Display: Output buffers initialized: Frames=1024, Channels=2, Samples=2048
[2021.12.04-07.32.20:392][  0]LogAudioMixer: Display: Starting AudioMixerPlatformInterface::RunInternal()
[2021.12.04-07.32.20:392][  0]LogAudioMixer: Display: FMixerPlatformXAudio2::SubmitBuffer() called for the first time
[2021.12.04-07.32.20:392][  0]LogInit: FAudioDevice initialized.
[2021.12.04-07.32.20:393][  0]LogNetVersion: Set ProjectVersion to 1.0.0.0. Version Checksum will be recalculated on next use.
[2021.12.04-07.32.20:394][  0]LogInit: Texture streaming: Enabled
[2021.12.04-07.32.20:443][  0]LogAudio: Display: Audio Device (ID: 1) registered with world 'Untitled'.
[2021.12.04-07.32.20:443][  0]LogSlate: Updating window title bar state: overlay mode, drag disabled, window buttons hidden, title bar hidden
[2021.12.04-07.32.20:444][  0]LogInit: Display: Game Engine Initialized.
[2021.12.04-07.32.20:444][  0]LogNiagaraEditor: GEditor isn't valid! Particle reset commands will not work for Niagara components!
[2021.12.04-07.32.20:533][  0]LogImageWrapper: Warning: PNG Warning: Duplicate iCCP chunk
[2021.12.04-07.32.20:533][  0]LogImageWrapper: Warning: PNG Warning: Duplicate iCCP chunk
[2021.12.04-07.32.20:533][  0]LogInit: Display: Starting Game.
[2021.12.04-07.32.20:533][  0]LogNet: Browse: /Game/Core/Maps/2DSideScrollerExampleMap?Name=Player
[2021.12.04-07.32.20:533][  0]LogLoad: LoadMap: /Game/Core/Maps/2DSideScrollerExampleMap?Name=Player
[2021.12.04-07.32.20:533][  0]LogWorld: BeginTearingDown for /Temp/Untitled_0
[2021.12.04-07.32.20:534][  0]LogWorld: UWorld::CleanupWorld for Untitled, bSessionEnded=true, bCleanupResources=true
[2021.12.04-07.32.20:534][  0]LogSlate: InvalidateAllWidgets triggered.  All widgets were invalidated
[2021.12.04-07.32.20:537][  0]LogAudio: Display: Audio Device unregistered from world 'None'.
[2021.12.04-07.32.20:539][  0]LogUObjectHash: Compacting FUObjectHashTables data took   0.57ms
[2021.12.04-07.32.20:594][  0]LogAudio: Display: Audio Device (ID: 1) registered with world '2DSideScrollerExampleMap'.
[2021.12.04-07.32.20:599][  0]LogAIModule: Creating AISystem for world 2DSideScrollerExampleMap
[2021.12.04-07.32.20:600][  0]LogLoad: Game class is '2DSideScrollerGameMode_C'
[2021.12.04-07.32.20:603][  0]LogWorld: Bringing World /Game/Core/Maps/2DSideScrollerExampleMap.2DSideScrollerExampleMap up for play (max tick rate 0) at 2021.12.03-23.32.20
[2021.12.04-07.32.20:603][  0]LogWorld: Bringing up level for play took: 0.002926
[2021.12.04-07.32.20:604][  0]LogGameMode: FindPlayerStart: PATHS NOT DEFINED or NO PLAYERSTART with positive rating
[2021.12.04-07.32.20:605][  0]LogLoad: Took 0.071029 seconds to LoadMap(/Game/Core/Maps/2DSideScrollerExampleMap)
[2021.12.04-07.32.20:751][  0]LogSlate: Took 0.000162 seconds to synchronously load lazily loaded font '../../../Engine/Content/Slate/Fonts/Roboto-Regular.ttf' (155K)
[2021.12.04-07.32.20:818][  0]LogRenderer: Reallocating scene render targets to support 1280x720 Format 10 NumSamples 1 (Frame:1).
[2021.12.04-07.32.20:818][  0]LogInit: Display: Engine is initialized. Leaving FEngineLoop::Init()
[2021.12.04-07.32.20:818][  0]LogLoad: (Engine Initialization) Total time: 5.05 seconds
[2021.12.04-07.32.20:818][  0]LogLoad: (Engine Initialization) Total Blueprint compile time: 0.00 seconds
[2021.12.04-07.32.20:820][  0]LogContentStreaming: Texture pool size now 1000 MB
[2021.12.04-07.32.20:822][  0]LogSlate: InvalidateAllWidgets triggered.  All widgets were invalidated
[2021.12.04-07.32.20:871][  1]LogSlate: Took 0.000142 seconds to synchronously load lazily loaded font '../../../Engine/Content/Slate/Fonts/Roboto-Regular.ttf' (155K)
[2021.12.04-07.32.28:897][279]LogSlate: Window 'RomanianGameJam (64-bit Development PCD3D_SM5) ' being destroyed
[2021.12.04-07.32.28:897][279]LogWindowsTextInputMethodSystem: Display: IME system deactivated.
[2021.12.04-07.32.28:898][279]LogSlate: Updating window title bar state: overlay mode, drag disabled, window buttons hidden, title bar hidden
[2021.12.04-07.32.28:898][279]LogEngine: All Windows Closed
[2021.12.04-07.32.28:898][279]LogWindows: FPlatformMisc::RequestExit(0)
[2021.12.04-07.32.28:898][279]LogWindows: FPlatformMisc::RequestExitWithStatus(0, 0)
[2021.12.04-07.32.28:898][279]LogCore: Engine exit requested (reason: Win RequestExit)
[2021.12.04-07.32.28:898][280]LogCore: Engine exit requested (reason: EngineExit() was called; note: exit was already requested)
[2021.12.04-07.32.28:898][280]LogInit: Display: PreExit Game.
[2021.12.04-07.32.28:919][280]LogWorld: BeginTearingDown for /Game/Core/Maps/2DSideScrollerExampleMap
[2021.12.04-07.32.28:919][280]LogWorld: UWorld::CleanupWorld for 2DSideScrollerExampleMap, bSessionEnded=true, bCleanupResources=true
[2021.12.04-07.32.28:919][280]LogSlate: InvalidateAllWidgets triggered.  All widgets were invalidated
[2021.12.04-07.32.29:293][280]LogAudio: Display: Beginning Audio Device Manager Shutdown (Module: AudioMixerXAudio2)...
[2021.12.04-07.32.29:293][280]LogAudio: Display: Destroying 1 Remaining Audio Device(s)...
[2021.12.04-07.32.29:293][280]LogAudio: Display: Audio Device unregistered from world '2DSideScrollerExampleMap'.
[2021.12.04-07.32.29:331][280]LogAudioMixer: FMixerPlatformXAudio2::StopAudioStream() called
[2021.12.04-07.32.29:332][280]LogAudioMixer: FMixerPlatformXAudio2::StopAudioStream() called
[2021.12.04-07.32.29:337][280]LogAudio: Display: Audio Device Manager Shutdown
[2021.12.04-07.32.29:340][280]LogExit: Preparing to exit.
[2021.12.04-07.32.30:035][280]LogSlate: Updating window title bar state: overlay mode, drag disabled, window buttons hidden, title bar hidden
[2021.12.04-07.32.30:036][280]LogUObjectHash: Compacting FUObjectHashTables data took   0.57ms
[2021.12.04-07.32.30:062][280]LogMoviePlayer: Shutting down movie player
[2021.12.04-07.32.30:165][280]LogDemo: Cleaned up 0 splitscreen connections with owner deletion
[2021.12.04-07.32.30:167][280]LogExit: Game engine shut down
[2021.12.04-07.32.30:193][280]LogExit: Object subsystem successfully closed.
[2021.12.04-07.32.30:199][280]LogShaderCompilers: Display: === FShaderJobCache stats ===
[2021.12.04-07.32.30:199][280]LogShaderCompilers: Display: Total job queries 0, among them cache hits 0 (0.00%)
[2021.12.04-07.32.30:199][280]LogShaderCompilers: Display: Tracking 0 distinct input hashes that result in 0 distinct outputs (0.00%)
[2021.12.04-07.32.30:199][280]LogShaderCompilers: Display: RAM used: 0.00 MB (0.00 GB) of 3276.80 MB (3.20 GB) budget. Usage: 0.00%
[2021.12.04-07.32.30:199][280]LogShaderCompilers: Display: ================================================
[2021.12.04-07.32.30:208][280]LogShaderCompilers: Display: Shaders left to compile 0
[2021.12.04-07.32.30:214][280]LogModuleManager: Shutting down and abandoning module SequenceRecorderSections (558)
[2021.12.04-07.32.30:214][280]LogModuleManager: Shutting down and abandoning module SequenceRecorder (556)
[2021.12.04-07.32.30:214][280]LogModuleManager: Shutting down and abandoning module AutomationController (554)
[2021.12.04-07.32.30:214][280]LogModuleManager: Shutting down and abandoning module AutomationWorker (552)
[2021.12.04-07.32.30:214][280]LogModuleManager: Shutting down and abandoning module Voice (550)
[2021.12.04-07.32.30:214][280]LogModuleManager: Shutting down and abandoning module AIModule (548)
[2021.12.04-07.32.30:214][280]LogModuleManager: Shutting down and abandoning module GameplayDebugger (547)
[2021.12.04-07.32.30:214][280]LogModuleManager: Shutting down and abandoning module AITestSuite (545)
[2021.12.04-07.32.30:214][280]LogModuleManager: Shutting down and abandoning module NavigationSystem (543)
[2021.12.04-07.32.30:214][280]LogModuleManager: Shutting down and abandoning module SteamVREditor (540)
[2021.12.04-07.32.30:214][280]LogModuleManager: Shutting down and abandoning module ToolMenus (539)
[2021.12.04-07.32.30:214][280]LogModuleManager: Shutting down and abandoning module OculusMR (536)
[2021.12.04-07.32.30:214][280]LogModuleManager: Shutting down and abandoning module WmfMediaFactory (534)
[2021.12.04-07.32.30:214][280]LogModuleManager: Shutting down and abandoning module TakeRecorderSources (532)
[2021.12.04-07.32.30:214][280]LogModuleManager: Shutting down and abandoning module TakeRecorder (531)
[2021.12.04-07.32.30:214][280]LogModuleManager: Shutting down and abandoning module TakeTrackRecorders (528)
[2021.12.04-07.32.30:214][280]LogModuleManager: Shutting down and abandoning module TakesCore (526)
[2021.12.04-07.32.30:214][280]LogModuleManager: Shutting down and abandoning module OpenXRInput (524)
[2021.12.04-07.32.30:214][280]LogModuleManager: Shutting down and abandoning module WebMMediaFactory (522)
[2021.12.04-07.32.30:214][280]LogModuleManager: Shutting down and abandoning module WebMMedia (520)
[2021.12.04-07.32.30:214][280]LogModuleManager: Shutting down and abandoning module OpenExrWrapper (518)
[2021.12.04-07.32.30:214][280]LogModuleManager: Shutting down and abandoning module ImgMediaFactory (516)
[2021.12.04-07.32.30:214][280]LogModuleManager: Shutting down and abandoning module AvfMediaFactory (514)
[2021.12.04-07.32.30:214][280]LogModuleManager: Shutting down and abandoning module MagicLeapMediaCodecFactory (512)
[2021.12.04-07.32.30:214][280]LogModuleManager: Shutting down and abandoning module MagicLeapMediaFactory (510)
[2021.12.04-07.32.30:214][280]LogModuleManager: Shutting down and abandoning module PlanarCut (508)
[2021.12.04-07.32.30:215][280]LogModuleManager: Shutting down and abandoning module CharacterAI (506)
[2021.12.04-07.32.30:215][280]LogModuleManager: Shutting down and abandoning module SessionServices (504)
[2021.12.04-07.32.30:215][280]LogModuleManager: Shutting down and abandoning module MovieSceneCapture (502)
[2021.12.04-07.32.30:215][280]LogModuleManager: Shutting down and abandoning module LiveCoding (500)
[2021.12.04-07.32.30:215][280]LogModuleManager: Shutting down and abandoning module LevelSequence (498)
[2021.12.04-07.32.30:215][280]LogModuleManager: Shutting down and abandoning module MovieSceneTracks (496)
[2021.12.04-07.32.30:215][280]LogModuleManager: Shutting down and abandoning module MovieScene (494)
[2021.12.04-07.32.30:215][280]LogModuleManager: Shutting down and abandoning module StreamingPauseRendering (492)
[2021.12.04-07.32.30:215][280]LogModuleManager: Shutting down and abandoning module PortalServices (490)
[2021.12.04-07.32.30:215][280]LogModuleManager: Shutting down and abandoning module PortalRpc (488)
[2021.12.04-07.32.30:215][280]LogModuleManager: Shutting down and abandoning module MessagingRpc (486)
[2021.12.04-07.32.30:215][280]LogModuleManager: Shutting down and abandoning module AudioMixerXAudio2 (484)
[2021.12.04-07.32.30:215][280]LogModuleManager: Shutting down and abandoning module AudioMixerCore (483)
[2021.12.04-07.32.30:215][280]LogModuleManager: Shutting down and abandoning module ImageWriteQueue (480)
[2021.12.04-07.32.30:215][280]LogModuleManager: Shutting down and abandoning module ProfilerService (478)
[2021.12.04-07.32.30:286][280]LogModuleManager: Shutting down and abandoning module TaskGraph (476)
[2021.12.04-07.32.30:286][280]LogModuleManager: Shutting down and abandoning module OculusInput (474)
[2021.12.04-07.32.30:286][280]LogModuleManager: Shutting down and abandoning module AndroidPermission (472)
[2021.12.04-07.32.30:286][280]LogModuleManager: Shutting down and abandoning module TakeMovieScene (470)
[2021.12.04-07.32.30:286][280]LogModuleManager: Shutting down and abandoning module Synthesis (468)
[2021.12.04-07.32.30:286][280]LogModuleManager: Shutting down and abandoning module ProceduralMeshComponent (466)
[2021.12.04-07.32.30:286][280]LogModuleManager: Shutting down and abandoning module MobilePatchingUtils (464)
[2021.12.04-07.32.30:286][280]LogModuleManager: Shutting down and abandoning module GooglePAD (462)
[2021.12.04-07.32.30:286][280]LogModuleManager: Shutting down and abandoning module EditableMesh (460)
[2021.12.04-07.32.30:286][280]LogModuleManager: Shutting down and abandoning module CustomMeshComponent (458)
[2021.12.04-07.32.30:286][280]LogModuleManager: Shutting down and abandoning module CableComponent (456)
[2021.12.04-07.32.30:286][280]LogModuleManager: Shutting down and abandoning module AudioCapture (454)
[2021.12.04-07.32.30:286][280]LogModuleManager: Shutting down and abandoning module AudioCaptureRtAudio (453)
[2021.12.04-07.32.30:286][280]LogModuleManager: Shutting down and abandoning module AssetTags (450)
[2021.12.04-07.32.30:286][280]LogModuleManager: Shutting down and abandoning module ArchVisCharacter (448)
[2021.12.04-07.32.30:286][280]LogModuleManager: Shutting down and abandoning module AppleImageUtilsBlueprintSupport (446)
[2021.12.04-07.32.30:286][280]LogModuleManager: Shutting down and abandoning module AppleImageUtils (444)
[2021.12.04-07.32.30:286][280]LogModuleManager: Shutting down and abandoning module ActorLayerUtilities (442)
[2021.12.04-07.32.30:286][280]LogModuleManager: Shutting down and abandoning module TemplateSequence (440)
[2021.12.04-07.32.30:286][280]LogModuleManager: Shutting down and abandoning module MediaCompositing (438)
[2021.12.04-07.32.30:286][280]LogModuleManager: Shutting down and abandoning module ImgMedia (436)
[2021.12.04-07.32.30:286][280]LogModuleManager: Shutting down and abandoning module MagicLeapSharedWorld (434)
[2021.12.04-07.32.30:286][280]LogModuleManager: Shutting down and abandoning module MagicLeapLightEstimation (432)
[2021.12.04-07.32.30:286][280]LogModuleManager: Shutting down and abandoning module MagicLeapHelperVulkan (430)
[2021.12.04-07.32.30:286][280]LogModuleManager: Shutting down and abandoning module MagicLeapHelperOpenGL (428)
[2021.12.04-07.32.30:286][280]LogModuleManager: Shutting down and abandoning module MagicLeapAudio (426)
[2021.12.04-07.32.30:286][280]LogModuleManager: Shutting down and abandoning module MotoSynth (424)
[2021.12.04-07.32.30:286][280]LogModuleManager: Shutting down and abandoning module OpenImageDenoise (422)
[2021.12.04-07.32.30:286][280]LogOpenImageDenoise: OIDN shutting down
[2021.12.04-07.32.30:286][280]LogModuleManager: Shutting down and abandoning module MeshConversion (420)
[2021.12.04-07.32.30:286][280]LogModuleManager: Shutting down and abandoning module DynamicMesh (418)
[2021.12.04-07.32.30:286][280]LogModuleManager: Shutting down and abandoning module GeometryAlgorithms (416)
[2021.12.04-07.32.30:286][280]LogModuleManager: Shutting down and abandoning module GeometricObjects (414)
[2021.12.04-07.32.30:286][280]LogModuleManager: Shutting down and abandoning module GeometryCollectionTracks (412)
[2021.12.04-07.32.30:286][280]LogModuleManager: Shutting down and abandoning module GeometryCollectionSequencer (411)
[2021.12.04-07.32.30:286][280]LogModuleManager: Shutting down and abandoning module GeometryCacheTracks (408)
[2021.12.04-07.32.30:286][280]LogModuleManager: Shutting down and abandoning module GeometryCacheSequencer (407)
[2021.12.04-07.32.30:286][280]LogModuleManager: Shutting down and abandoning module GeometryCache (404)
[2021.12.04-07.32.30:286][280]LogModuleManager: Shutting down and abandoning module GeometryCacheEd (403)
[2021.12.04-07.32.30:286][280]LogModuleManager: Shutting down and abandoning module ChaosNiagara (400)
[2021.12.04-07.32.30:287][280]LogModuleManager: Shutting down and abandoning module FieldSystemEngine (399)
[2021.12.04-07.32.30:287][280]LogModuleManager: Shutting down and abandoning module BackChannel (396)
[2021.12.04-07.32.30:287][280]LogModuleManager: Shutting down and abandoning module AutomationUtils (394)
[2021.12.04-07.32.30:287][280]LogModuleManager: Shutting down and abandoning module VisualStudioSourceCodeAccess (392)
[2021.12.04-07.32.30:287][280]LogModuleManager: Shutting down and abandoning module HotReload (391)
[2021.12.04-07.32.30:287][280]LogModuleManager: Shutting down and abandoning module VisualStudioCodeSourceCodeAccess (388)
[2021.12.04-07.32.30:287][280]LogModuleManager: Shutting down and abandoning module UObjectPlugin (386)
[2021.12.04-07.32.30:287][280]LogModuleManager: Shutting down and abandoning module SubversionSourceControl (384)
[2021.12.04-07.32.30:287][280]LogModuleManager: Shutting down and abandoning module PerforceSourceControl (382)
[2021.12.04-07.32.30:287][280]LogModuleManager: Shutting down and abandoning module SourceControl (381)
[2021.12.04-07.32.30:287][280]LogModuleManager: Shutting down and abandoning module CLionSourceCodeAccess (378)
[2021.12.04-07.32.30:287][280]LogModuleManager: Shutting down and abandoning module OodleNetworkHandlerComponent (376)
[2021.12.04-07.32.30:287][280]LogModuleManager: Shutting down and abandoning module LiveLinkSequencer (374)
[2021.12.04-07.32.30:287][280]LogModuleManager: Shutting down and abandoning module LiveLinkMovieScene (372)
[2021.12.04-07.32.30:287][280]LogModuleManager: Shutting down and abandoning module LiveLinkGraphNode (370)
[2021.12.04-07.32.30:287][280]LogModuleManager: Shutting down and abandoning module LiveLinkComponents (368)
[2021.12.04-07.32.30:287][280]LogModuleManager: Shutting down and abandoning module LiveLink (366)
[2021.12.04-07.32.31:061][280]LogModuleManager: Shutting down and abandoning module SoundFields (364)
[2021.12.04-07.32.31:061][280]LogModuleManager: Shutting down and abandoning module SignificanceManager (362)
[2021.12.04-07.32.31:061][280]LogModuleManager: Shutting down and abandoning module RuntimePhysXCooking (360)
[2021.12.04-07.32.31:061][280]LogModuleManager: Shutting down and abandoning module PropertyAccessEditor (358)
[2021.12.04-07.32.31:061][280]LogModuleManager: Shutting down and abandoning module PhysXVehiclesEditor (356)
[2021.12.04-07.32.31:061][280]LogModuleManager: Shutting down and abandoning module LocationServicesBPLibrary (352)
[2021.12.04-07.32.31:061][280]LogModuleManager: Shutting down and abandoning module AudioSynesthesia (350)
[2021.12.04-07.32.31:061][280]LogModuleManager: Shutting down and abandoning module AudioSynesthesiaCore (348)
[2021.12.04-07.32.31:061][280]LogModuleManager: Shutting down and abandoning module ActorSequence (346)
[2021.12.04-07.32.31:061][280]LogModuleManager: Shutting down and abandoning module ImgMediaEngine (344)
[2021.12.04-07.32.31:061][280]LogModuleManager: Shutting down and abandoning module UdpMessaging (342)
[2021.12.04-07.32.31:162][280]LogModuleManager: Shutting down and abandoning module TcpMessaging (340)
[2021.12.04-07.32.31:263][280]LogModuleManager: Shutting down and abandoning module MagicLeapARPin (338)
[2021.12.04-07.32.31:263][280]LogModuleManager: Shutting down and abandoning module MagicLeapHandMeshing (336)
[2021.12.04-07.32.31:263][280]LogModuleManager: Shutting down and abandoning module MagicLeapSecureStorage (334)
[2021.12.04-07.32.31:263][280]LogModuleManager: Shutting down and abandoning module MagicLeapPrivileges (332)
[2021.12.04-07.32.31:263][280]LogModuleManager: Shutting down and abandoning module MagicLeapPlanes (330)
[2021.12.04-07.32.31:263][280]LogMagicLeapPlanes: Planes tracker already destroyed.
[2021.12.04-07.32.31:263][280]LogModuleManager: Shutting down and abandoning module MagicLeapImageTracker (328)
[2021.12.04-07.32.31:263][280]LogModuleManager: Shutting down and abandoning module MagicLeapIdentity (326)
[2021.12.04-07.32.31:263][280]LogModuleManager: Shutting down and abandoning module MagicLeapHandTracking (324)
[2021.12.04-07.32.31:263][280]LogModuleManager: Shutting down and abandoning module MagicLeapEyeTracker (322)
[2021.12.04-07.32.31:263][280]LogModuleManager: Shutting down and abandoning module MagicLeapController (320)
[2021.12.04-07.32.31:263][280]LogModuleManager: Shutting down and abandoning module MagicLeapARPinImpl (318)
[2021.12.04-07.32.31:263][280]LogModuleManager: Shutting down and abandoning module MagicLeapAR (316)
[2021.12.04-07.32.31:263][280]LogModuleManager: Shutting down and abandoning module PythonScriptPlugin (314)
[2021.12.04-07.32.31:263][280]LogModuleManager: Shutting down and abandoning module NiagaraAnimNotifies (312)
[2021.12.04-07.32.31:263][280]LogModuleManager: Shutting down and abandoning module Niagara (310)
[2021.12.04-07.32.31:263][280]LogModuleManager: Shutting down and abandoning module SignalProcessing (309)
[2021.12.04-07.32.31:263][280]LogModuleManager: Shutting down and abandoning module NiagaraEditor (307)
[2021.12.04-07.32.31:263][280]LogModuleManager: Shutting down and abandoning module ContentBrowser (306)
[2021.12.04-07.32.31:263][280]LogModuleManager: Shutting down and abandoning module CollectionManager (305)
[2021.12.04-07.32.31:263][280]LogModuleManager: Shutting down and abandoning module DirectoryWatcher (304)
[2021.12.04-07.32.31:263][280]LogModuleManager: Shutting down and abandoning module ContentBrowserData (301)
[2021.12.04-07.32.31:263][280]LogModuleManager: Shutting down and abandoning module NiagaraCore (296)
[2021.12.04-07.32.31:263][280]LogModuleManager: Shutting down and abandoning module GameplayTagsEditor (294)
[2021.12.04-07.32.31:263][280]LogModuleManager: Shutting down and abandoning module FacialAnimation (292)
[2021.12.04-07.32.31:263][280]LogModuleManager: Shutting down and abandoning module AssetManagerEditor (290)
[2021.12.04-07.32.31:263][280]LogModuleManager: Shutting down and abandoning module TreeMap (289)
[2021.12.04-07.32.31:263][280]LogModuleManager: Shutting down and abandoning module PropertyAccessNode (286)
[2021.12.04-07.32.31:263][280]LogModuleManager: Shutting down and abandoning module AnimationSharing (284)
[2021.12.04-07.32.31:263][280]LogModuleManager: Shutting down and abandoning module GameplayCameras (282)
[2021.12.04-07.32.31:263][280]LogModuleManager: Shutting down and abandoning module LightPropagationVolumeRuntime (280)
[2021.12.04-07.32.31:263][280]LogModuleManager: Shutting down and abandoning module EnvironmentQueryEditor (278)
[2021.12.04-07.32.31:263][280]LogModuleManager: Shutting down and abandoning module Paper2D (276)
[2021.12.04-07.32.31:263][280]LogModuleManager: Shutting down and abandoning module WindowsMoviePlayer (274)
[2021.12.04-07.32.31:264][280]LogModuleManager: Shutting down and abandoning module WebMMoviePlayer (272)
[2021.12.04-07.32.31:264][280]LogModuleManager: Shutting down and abandoning module NetworkReplayStreaming (270)
[2021.12.04-07.32.31:264][280]LogModuleManager: Shutting down and abandoning module PacketHandler (268)
[2021.12.04-07.32.31:264][280]LogModuleManager: Shutting down and abandoning module ClothingSystemEditor (266)
[2021.12.04-07.32.31:264][280]LogModuleManager: Shutting down and abandoning module ClothingSystemRuntimeNv (264)
[2021.12.04-07.32.31:264][280]LogModuleManager: Shutting down and abandoning module MediaAssets (262)
[2021.12.04-07.32.31:264][280]LogModuleManager: Shutting down and abandoning module Overlay (260)
[2021.12.04-07.32.31:264][280]LogModuleManager: Shutting down and abandoning module OverlayEditor (259)
[2021.12.04-07.32.31:264][280]LogModuleManager: Shutting down and abandoning module VREditor (256)
[2021.12.04-07.32.31:264][280]LogModuleManager: Shutting down and abandoning module StringTableEditor (254)
[2021.12.04-07.32.31:264][280]LogModuleManager: Shutting down and abandoning module GameplayTasksEditor (252)
[2021.12.04-07.32.31:264][280]LogModuleManager: Shutting down and abandoning module BehaviorTreeEditor (250)
[2021.12.04-07.32.31:264][280]LogModuleManager: Shutting down and abandoning module FunctionalTesting (248)
[2021.12.04-07.32.31:264][280]LogModuleManager: Shutting down and abandoning module CollisionAnalyzer (246)
[2021.12.04-07.32.31:264][280]LogModuleManager: Shutting down and abandoning module WorkspaceMenuStructure (245)
[2021.12.04-07.32.31:264][280]LogModuleManager: Shutting down and abandoning module UMG (242)
[2021.12.04-07.32.31:264][280]LogModuleManager: Shutting down and abandoning module UMGEditor (241)
[2021.12.04-07.32.31:264][280]LogModuleManager: Shutting down and abandoning module Sequencer (240)
[2021.12.04-07.32.31:264][280]LogModuleManager: Shutting down and abandoning module MessageLog (237)
[2021.12.04-07.32.31:264][280]LogModuleManager: Shutting down and abandoning module SlateReflector (232)
[2021.12.04-07.32.31:264][280]LogModuleManager: Shutting down and abandoning module Slate (230)
[2021.12.04-07.32.31:264][280]LogModuleManager: Shutting down and abandoning module SlateCore (228)
[2021.12.04-07.32.31:265][280]LogModuleManager: Shutting down and abandoning module LandscapeEditorUtilities (226)
[2021.12.04-07.32.31:265][280]LogModuleManager: Shutting down and abandoning module UnrealEd (224)
[2021.12.04-07.32.31:265][280]LogModuleManager: Shutting down and abandoning module MRMesh (222)
[2021.12.04-07.32.31:265][280]LogModuleManager: Shutting down and abandoning module Messaging (220)
[2021.12.04-07.32.31:265][280]LogModuleManager: Shutting down and abandoning module SourceCodeAccess (218)
[2021.12.04-07.32.31:265][280]LogModuleManager: Shutting down and abandoning module HeadMountedDisplay (216)
[2021.12.04-07.32.31:265][280]LogModuleManager: Shutting down and abandoning module XAudio2 (214)
[2021.12.04-07.32.31:265][280]LogModuleManager: Shutting down and abandoning module Networking (212)
[2021.12.04-07.32.31:265][280]LogModuleManager: Shutting down and abandoning module Core (210)
[2021.12.04-07.32.31:265][280]LogModuleManager: Shutting down and abandoning module MaterialEditor (208)
[2021.12.04-07.32.31:265][280]LogModuleManager: Shutting down and abandoning module MovieSceneTools (206)
[2021.12.04-07.32.31:265][280]LogModuleManager: Shutting down and abandoning module EditorStyle (205)
[2021.12.04-07.32.31:265][280]LogModuleManager: Shutting down and abandoning module KismetCompiler (202)
[2021.12.04-07.32.31:266][280]LogModuleManager: Shutting down and abandoning module MeshBuilder (200)
[2021.12.04-07.32.31:266][280]LogModuleManager: Shutting down and abandoning module MeshUtilities (198)
[2021.12.04-07.32.31:266][280]LogModuleManager: Shutting down and abandoning module MeshMergeUtilities (197)
[2021.12.04-07.32.31:266][280]LogModuleManager: Shutting down and abandoning module MeshReductionInterface (196)
[2021.12.04-07.32.31:266][280]LogModuleManager: Shutting down and abandoning module MeshBoneReduction (195)
[2021.12.04-07.32.31:266][280]LogModuleManager: Shutting down and abandoning module SkeletalMeshReduction (193)
[2021.12.04-07.32.31:266][280]LogModuleManager: Shutting down and abandoning module ProxyLODMeshReduction (191)
[2021.12.04-07.32.31:266][280]LogModuleManager: Shutting down and abandoning module QuadricMeshReduction (189)
[2021.12.04-07.32.31:266][280]LogModuleManager: Shutting down and abandoning module MaterialBaking (185)
[2021.12.04-07.32.31:266][280]LogModuleManager: Shutting down and abandoning module NullInstallBundleManager (180)
[2021.12.04-07.32.31:266][280]LogModuleManager: Shutting down and abandoning module PIEPreviewDeviceProfileSelector (178)
[2021.12.04-07.32.31:266][280]LogModuleManager: Shutting down and abandoning module DerivedDataCache (176)
[2021.12.04-07.32.31:266][280]LogModuleManager: Shutting down and abandoning module TargetPlatform (174)
[2021.12.04-07.32.31:266][280]LogModuleManager: Shutting down and abandoning module VulkanShaderFormat (173)
[2021.12.04-07.32.31:266][280]LogModuleManager: Shutting down and abandoning module ShaderFormatVectorVM (171)
[2021.12.04-07.32.31:266][280]LogModuleManager: Shutting down and abandoning module ShaderFormatOpenGL (169)
[2021.12.04-07.32.31:266][280]LogModuleManager: Shutting down and abandoning module ShaderFormatD3D (167)
[2021.12.04-07.32.31:266][280]LogModuleManager: Shutting down and abandoning module MetalShaderFormat (165)
[2021.12.04-07.32.31:266][280]LogModuleManager: Shutting down and abandoning module TextureFormatOodle (163)
[2021.12.04-07.32.31:266][280]LogModuleManager: Shutting down and abandoning module TextureFormatUncompressed (161)
[2021.12.04-07.32.31:266][280]LogModuleManager: Shutting down and abandoning module TextureFormatPVR (159)
[2021.12.04-07.32.31:266][280]LogModuleManager: Shutting down and abandoning module TextureFormatETC2 (157)
[2021.12.04-07.32.31:266][280]LogModuleManager: Shutting down and abandoning module TextureFormatDXT (155)
[2021.12.04-07.32.31:266][280]LogModuleManager: Shutting down and abandoning module TextureFormatIntelISPCTexComp (153)
[2021.12.04-07.32.31:266][280]LogModuleManager: Shutting down and abandoning module TextureFormatASTC (151)
[2021.12.04-07.32.31:266][280]LogModuleManager: Shutting down and abandoning module ImageWrapper (150)
[2021.12.04-07.32.31:266][280]LogModuleManager: Shutting down and abandoning module AudioFormatOpus (147)
[2021.12.04-07.32.31:266][280]LogModuleManager: Shutting down and abandoning module AudioFormatOgg (145)
[2021.12.04-07.32.31:266][280]LogModuleManager: Shutting down and abandoning module AudioFormatADPCM (143)
[2021.12.04-07.32.31:266][280]LogModuleManager: Shutting down and abandoning module WindowsServerTargetPlatform (141)
[2021.12.04-07.32.31:266][280]LogModuleManager: Shutting down and abandoning module WindowsClientTargetPlatform (139)
[2021.12.04-07.32.31:266][280]LogModuleManager: Shutting down and abandoning module WindowsTargetPlatform (137)
[2021.12.04-07.32.31:266][280]LogModuleManager: Shutting down and abandoning module WindowsNoEditorTargetPlatform (135)
[2021.12.04-07.32.31:266][280]LogModuleManager: Shutting down and abandoning module D3D11RHI (132)
[2021.12.04-07.32.31:266][280]LogModuleManager: Shutting down and abandoning module InputCore (130)
[2021.12.04-07.32.31:266][280]LogModuleManager: Shutting down and abandoning module Settings (128)
[2021.12.04-07.32.31:266][280]LogModuleManager: Shutting down and abandoning module PhysXCooking (126)
[2021.12.04-07.32.31:266][280]LogModuleManager: Shutting down and abandoning module Chaos (124)
[2021.12.04-07.32.31:266][280]LogModuleManager: Shutting down and abandoning module WindowsPlatformFeatures (122)
[2021.12.04-07.32.31:266][280]LogModuleManager: Shutting down and abandoning module GameplayMediaEncoder (121)
[2021.12.04-07.32.31:266][280]LogModuleManager: Shutting down and abandoning module AVEncoder (120)
[2021.12.04-07.32.31:266][280]LogModuleManager: Shutting down and abandoning module SteamVRInputDevice (116)
[2021.12.04-07.32.31:266][280]LogModuleManager: Shutting down and abandoning module SteamVRInput (114)
[2021.12.04-07.32.31:266][280]LogModuleManager: Shutting down and abandoning module SteamVR (112)
[2021.12.04-07.32.31:266][280]LogHMD: Freeing OpenVRDLLHandle.
[2021.12.04-07.32.31:266][280]LogModuleManager: Shutting down and abandoning module OculusHMD (110)
[2021.12.04-07.32.31:266][280]LogModuleManager: Shutting down and abandoning module WmfMedia (108)
[2021.12.04-07.32.31:267][280]LogModuleManager: Shutting down and abandoning module Media (107)
[2021.12.04-07.32.31:267][280]LogModuleManager: Shutting down and abandoning module MediaInfo (106)
[2021.12.04-07.32.31:267][280]LogModuleManager: Shutting down and abandoning module OpenXRHandTracking (102)
[2021.12.04-07.32.31:267][280]LogSlate: Slate User Destroyed.  User Index 0, Is Virtual User: 0
[2021.12.04-07.32.31:267][280]LogModuleManager: Shutting down and abandoning module OpenXREyeTracker (100)
[2021.12.04-07.32.31:267][280]LogModuleManager: Shutting down and abandoning module OpenXRAR (98)
[2021.12.04-07.32.31:268][280]LogModuleManager: Shutting down and abandoning module AugmentedReality (97)
[2021.12.04-07.32.31:268][280]LogModuleManager: Shutting down and abandoning module OpenXRHMD (94)
[2021.12.04-07.32.31:268][280]LogModuleManager: Shutting down and abandoning module ExampleDeviceProfileSelector (92)
[2021.12.04-07.32.31:268][280]LogModuleManager: Shutting down and abandoning module ChunkDownloader (90)
[2021.12.04-07.32.31:268][280]LogModuleManager: Shutting down and abandoning module LauncherChunkInstaller (88)
[2021.12.04-07.32.31:268][280]LogModuleManager: Shutting down and abandoning module OnlineBlueprintSupport (86)
[2021.12.04-07.32.31:268][280]LogModuleManager: Shutting down and abandoning module OnlineSubsystem (82)
[2021.12.04-07.32.31:268][280]LogModuleManager: Shutting down and abandoning module XMPP (77)
[2021.12.04-07.32.31:268][280]LogModuleManager: Shutting down and abandoning module WebSockets (76)
[2021.12.04-07.32.31:300][280]LogModuleManager: Shutting down and abandoning module HTTP (73)
[2021.12.04-07.32.31:300][280]LogHttp: Display: cleaning up 0 outstanding Http requests.
[2021.12.04-07.32.31:316][280]LogModuleManager: Shutting down and abandoning module SSL (72)
[2021.12.04-07.32.31:317][280]LogModuleManager: Shutting down and abandoning module ExrReaderGpu (68)
[2021.12.04-07.32.31:317][280]LogModuleManager: Shutting down and abandoning module MLSDK (66)
[2021.12.04-07.32.31:317][280]LogModuleManager: Shutting down and abandoning module MagicLeap (64)
[2021.12.04-07.32.31:317][280]LogModuleManager: Shutting down and abandoning module NiagaraVertexFactories (62)
[2021.12.04-07.32.31:317][280]LogModuleManager: Shutting down and abandoning module NiagaraShader (60)
[2021.12.04-07.32.31:317][280]LogModuleManager: Shutting down and abandoning module ChaosCloth (58)
[2021.12.04-07.32.31:317][280]LogModuleManager: Shutting down and abandoning module VariantManagerContent (56)
[2021.12.04-07.32.31:317][280]LogModuleManager: Shutting down and abandoning module DatasmithContent (54)
[2021.12.04-07.32.31:317][280]LogModuleManager: Shutting down and abandoning module PixWinPlugin (52)
[2021.12.04-07.32.31:317][280]LogModuleManager: Shutting down and abandoning module AISupportModule (50)
[2021.12.04-07.32.31:317][280]LogModuleManager: Shutting down and abandoning module DesktopPlatform (48)
[2021.12.04-07.32.31:317][280]LogModuleManager: Shutting down and abandoning module PythonScriptPluginPreload (46)
[2021.12.04-07.32.31:317][280]LogModuleManager: Shutting down and abandoning module PlatformCryptoOpenSSL (44)
[2021.12.04-07.32.31:317][280]LogModuleManager: Shutting down and abandoning module PlatformCryptoTypes (42)
[2021.12.04-07.32.31:317][280]LogModuleManager: Shutting down and abandoning module PlatformCrypto (40)
[2021.12.04-07.32.31:317][280]LogModuleManager: Shutting down and abandoning module OodleDataCompressionFormat (38)
[2021.12.04-07.32.31:317][280]LogModuleManager: Shutting down and abandoning module XGEController (36)
[2021.12.04-07.32.31:317][280]LogModuleManager: Shutting down and abandoning module AnimationModifiers (34)
[2021.12.04-07.32.31:317][280]LogModuleManager: Shutting down and abandoning module AudioEditor (32)
[2021.12.04-07.32.31:317][280]LogModuleManager: Shutting down and abandoning module PropertyEditor (31)
[2021.12.04-07.32.31:317][280]LogModuleManager: Shutting down and abandoning module TextureCompressor (28)
[2021.12.04-07.32.31:317][280]LogModuleManager: Shutting down and abandoning module RenderCore (26)
[2021.12.04-07.32.31:318][280]LogModuleManager: Shutting down and abandoning module Landscape (24)
[2021.12.04-07.32.31:318][280]LogModuleManager: Shutting down and abandoning module SlateRHIRenderer (22)
[2021.12.04-07.32.31:318][280]LogModuleManager: Shutting down and abandoning module AnimGraphRuntime (20)
[2021.12.04-07.32.31:318][280]LogModuleManager: Shutting down and abandoning module Renderer (18)
[2021.12.04-07.32.31:318][280]LogModuleManager: Shutting down and abandoning module Engine (16)
[2021.12.04-07.32.31:318][280]LogModuleManager: Shutting down and abandoning module CoreUObject (14)
[2021.12.04-07.32.31:318][280]LogModuleManager: Shutting down and abandoning module NetworkFile (12)
[2021.12.04-07.32.31:318][280]LogModuleManager: Shutting down and abandoning module CookedIterativeFile (10)
[2021.12.04-07.32.31:318][280]LogModuleManager: Shutting down and abandoning module StreamingFile (8)
[2021.12.04-07.32.31:318][280]LogModuleManager: Shutting down and abandoning module SandboxFile (6)
[2021.12.04-07.32.31:318][280]LogModuleManager: Shutting down and abandoning module PakFile (4)
[2021.12.04-07.32.31:318][280]LogModuleManager: Shutting down and abandoning module RSA (3)
[2021.12.04-07.32.31:558][280]LogContentStreaming: Display: There are 1 unreleased StreamingManagers
[2021.12.04-07.32.31:559][280]LogD3D11RHI: Shutdown
[2021.12.04-07.32.31:559][280]LogD3D11RHI: CleanupD3DDevice
[2021.12.04-07.32.31:565][280]LogExit: Exiting.
[2021.12.04-07.32.31:568][280]Log file closed, 12/03/21 23:32:31
